DEBUG:PIL.PngImagePlugin:STREAM b'IHDR' 16 13
DEBUG:PIL.PngImagePlugin:STREAM b'IDAT' 41 6099
DEBUG:PIL.PngImagePlugin:STREAM b'IHDR' 16 13
DEBUG:PIL.PngImagePlugin:STREAM b'IDAT' 41 6412
DEBUG:PIL.PngImagePlugin:STREAM b'IHDR' 16 13
DEBUG:PIL.PngImagePlugin:STREAM b'IDAT' 41 6897
DEBUG:PIL.PngImagePlugin:STREAM b'IHDR' 16 13
DEBUG:PIL.PngImagePlugin:STREAM b'IDAT' 41 7026
DEBUG:PIL.PngImagePlugin:STREAM b'IHDR' 16 13
DEBUG:PIL.PngImagePlugin:STREAM b'IDAT' 41 5516
DEBUG:PIL.PngImagePlugin:STREAM b'IHDR' 16 13
DEBUG:PIL.PngImagePlugin:STREAM b'IDAT' 41 5092
DEBUG:PIL.PngImagePlugin:STREAM b'IHDR' 16 13
DEBUG:PIL.PngImagePlugin:STREAM b'IDAT' 41 5241
DEBUG:PIL.PngImagePlugin:STREAM b'IHDR' 16 13
DEBUG:PIL.PngImagePlugin:STREAM b'IDAT' 41 5787
DEBUG:PIL.PngImagePlugin:STREAM b'IHDR' 16 13
DEBUG:PIL.PngImagePlugin:STREAM b'IDAT' 41 5688
DEBUG:PIL.PngImagePlugin:STREAM b'IHDR' 16 13
DEBUG:PIL.PngImagePlugin:STREAM b'IDAT' 41 5723
DEBUG:PIL.PngImagePlugin:STREAM b'IHDR' 16 13
DEBUG:PIL.PngImagePlugin:STREAM b'IDAT' 41 6099
DEBUG:PIL.PngImagePlugin:STREAM b'IHDR' 16 13
DEBUG:PIL.PngImagePlugin:STREAM b'IDAT' 41 6412
DEBUG:PIL.PngImagePlugin:STREAM b'IHDR' 16 13
DEBUG:PIL.PngImagePlugin:STREAM b'IDAT' 41 6897
DEBUG:PIL.PngImagePlugin:STREAM b'IHDR' 16 13
DEBUG:PIL.PngImagePlugin:STREAM b'IDAT' 41 7026
DEBUG:PIL.PngImagePlugin:STREAM b'IHDR' 16 13
DEBUG:PIL.PngImagePlugin:STREAM b'IDAT' 41 5516
DEBUG:PIL.PngImagePlugin:STREAM b'IHDR' 16 13
DEBUG:PIL.PngImagePlugin:STREAM b'IDAT' 41 5092
DEBUG:PIL.PngImagePlugin:STREAM b'IHDR' 16 13
DEBUG:PIL.PngImagePlugin:STREAM b'IDAT' 41 5241
DEBUG:PIL.PngImagePlugin:STREAM b'IHDR' 16 13
DEBUG:PIL.PngImagePlugin:STREAM b'IDAT' 41 5787
DEBUG:PIL.PngImagePlugin:STREAM b'IHDR' 16 13
DEBUG:PIL.PngImagePlugin:STREAM b'IDAT' 41 5688
DEBUG:PIL.PngImagePlugin:STREAM b'IHDR' 16 13
DEBUG:PIL.PngImagePlugin:STREAM b'IDAT' 41 5723
DEBUG:root:this is images.shape:(20, 32, 32, 3)
DEBUG:root:this is integer_encoded:[3 0 0 1 2 3 1 2 1 3 3 0 0 1 2 3 1 2 1 3]
DEBUG:root:this is integer_encoded.shape:(20,)
DEBUG:root:Completed preprocessing
DEBUG:root:Completed loading data
DEBUG:root:This is data_dict: [{'image_id': 1, 'label': 4, 'image': <PIL.PngImagePlugin.PngImageFile image mode=RGB size=64x64 at 0x1A51DC045B0>}, {'image_id': 2, 'label': 1, 'image': <PIL.PngImagePlugin.PngImageFile image mode=RGB size=64x64 at 0x1A51DC80820>}, {'image_id': 3, 'label': 1, 'image': <PIL.PngImagePlugin.PngImageFile image mode=RGB size=64x64 at 0x1A51DC80850>}, {'image_id': 4, 'label': 2, 'image': <PIL.PngImagePlugin.PngImageFile image mode=RGB size=64x64 at 0x1A51DC80E50>}, {'image_id': 5, 'label': 3, 'image': <PIL.PngImagePlugin.PngImageFile image mode=RGB size=64x64 at 0x1A51DC81F90>}, {'image_id': 6, 'label': 4, 'image': <PIL.PngImagePlugin.PngImageFile image mode=RGB size=64x64 at 0x1A51DC81690>}, {'image_id': 7, 'label': 2, 'image': <PIL.PngImagePlugin.PngImageFile image mode=RGB size=64x64 at 0x1A51DC81FF0>}, {'image_id': 8, 'label': 3, 'image': <PIL.PngImagePlugin.PngImageFile image mode=RGB size=64x64 at 0x1A51DC82050>}, {'image_id': 9, 'label': 2, 'image': <PIL.PngImagePlugin.PngImageFile image mode=RGB size=64x64 at 0x1A51DC820B0>}, {'image_id': 10, 'label': 4, 'image': <PIL.PngImagePlugin.PngImageFile image mode=RGB size=64x64 at 0x1A51DC82110>}, {'image_id': 1, 'label': 4, 'image': <PIL.PngImagePlugin.PngImageFile image mode=RGB size=64x64 at 0x1A51DC82170>}, {'image_id': 2, 'label': 1, 'image': <PIL.PngImagePlugin.PngImageFile image mode=RGB size=64x64 at 0x1A51DC821D0>}, {'image_id': 3, 'label': 1, 'image': <PIL.PngImagePlugin.PngImageFile image mode=RGB size=64x64 at 0x1A51DC82230>}, {'image_id': 4, 'label': 2, 'image': <PIL.PngImagePlugin.PngImageFile image mode=RGB size=64x64 at 0x1A51DC82290>}, {'image_id': 5, 'label': 3, 'image': <PIL.PngImagePlugin.PngImageFile image mode=RGB size=64x64 at 0x1A51DC822F0>}, {'image_id': 6, 'label': 4, 'image': <PIL.PngImagePlugin.PngImageFile image mode=RGB size=64x64 at 0x1A51DC82350>}, {'image_id': 7, 'label': 2, 'image': <PIL.PngImagePlugin.PngImageFile image mode=RGB size=64x64 at 0x1A51DC823B0>}, {'image_id': 8, 'label': 3, 'image': <PIL.PngImagePlugin.PngImageFile image mode=RGB size=64x64 at 0x1A51DC82410>}, {'image_id': 9, 'label': 2, 'image': <PIL.PngImagePlugin.PngImageFile image mode=RGB size=64x64 at 0x1A51DC82470>}, {'image_id': 10, 'label': 4, 'image': <PIL.PngImagePlugin.PngImageFile image mode=RGB size=64x64 at 0x1A51DC82530>}]
DEBUG:root:This is dataset: <_ShuffleDataset element_spec=(TensorSpec(shape=(32, 32, 3), dtype=tf.float32, name=None), TensorSpec(shape=(), dtype=tf.int64, name=None))>
DEBUG:h5py._conv:Creating converter from 3 to 5
WARNING:absl:Compiled the loaded model, but the compiled metrics have yet to be built. `model.compile_metrics` will be empty until you train or evaluate the model.
WARNING:absl:Error in loading the saved optimizer state. As a result, your model is starting with a freshly initialized optimizer.
DEBUG:root:Completed inferencing
INFO:werkzeug:127.0.0.1 - - [15/Mar/2024 20:17:47] "[35m[1mPOST /inference?user_id=khangxlei&data_id=cifar10 HTTP/1.1[0m" 500 -
INFO:werkzeug: * Detected change in 'C:\\Users\\khang\\OneDrive\\Desktop\\SCHOOL\\SPRING_senior_2024\\EC530\\project_2\\modules\\inference_data.py', reloading
DEBUG:PIL.PngImagePlugin:STREAM b'IHDR' 16 13
DEBUG:PIL.PngImagePlugin:STREAM b'IDAT' 41 6099
DEBUG:PIL.PngImagePlugin:STREAM b'IHDR' 16 13
DEBUG:PIL.PngImagePlugin:STREAM b'IDAT' 41 6412
DEBUG:PIL.PngImagePlugin:STREAM b'IHDR' 16 13
DEBUG:PIL.PngImagePlugin:STREAM b'IDAT' 41 6897
DEBUG:PIL.PngImagePlugin:STREAM b'IHDR' 16 13
DEBUG:PIL.PngImagePlugin:STREAM b'IDAT' 41 7026
DEBUG:PIL.PngImagePlugin:STREAM b'IHDR' 16 13
DEBUG:PIL.PngImagePlugin:STREAM b'IDAT' 41 5516
DEBUG:PIL.PngImagePlugin:STREAM b'IHDR' 16 13
DEBUG:PIL.PngImagePlugin:STREAM b'IDAT' 41 5092
DEBUG:PIL.PngImagePlugin:STREAM b'IHDR' 16 13
DEBUG:PIL.PngImagePlugin:STREAM b'IDAT' 41 5241
DEBUG:PIL.PngImagePlugin:STREAM b'IHDR' 16 13
DEBUG:PIL.PngImagePlugin:STREAM b'IDAT' 41 5787
DEBUG:PIL.PngImagePlugin:STREAM b'IHDR' 16 13
DEBUG:PIL.PngImagePlugin:STREAM b'IDAT' 41 5688
DEBUG:PIL.PngImagePlugin:STREAM b'IHDR' 16 13
DEBUG:PIL.PngImagePlugin:STREAM b'IDAT' 41 5723
DEBUG:PIL.PngImagePlugin:STREAM b'IHDR' 16 13
DEBUG:PIL.PngImagePlugin:STREAM b'IDAT' 41 6099
DEBUG:PIL.PngImagePlugin:STREAM b'IHDR' 16 13
DEBUG:PIL.PngImagePlugin:STREAM b'IDAT' 41 6412
DEBUG:PIL.PngImagePlugin:STREAM b'IHDR' 16 13
DEBUG:PIL.PngImagePlugin:STREAM b'IDAT' 41 6897
DEBUG:PIL.PngImagePlugin:STREAM b'IHDR' 16 13
DEBUG:PIL.PngImagePlugin:STREAM b'IDAT' 41 7026
DEBUG:PIL.PngImagePlugin:STREAM b'IHDR' 16 13
DEBUG:PIL.PngImagePlugin:STREAM b'IDAT' 41 5516
DEBUG:PIL.PngImagePlugin:STREAM b'IHDR' 16 13
DEBUG:PIL.PngImagePlugin:STREAM b'IDAT' 41 5092
DEBUG:PIL.PngImagePlugin:STREAM b'IHDR' 16 13
DEBUG:PIL.PngImagePlugin:STREAM b'IDAT' 41 5241
DEBUG:PIL.PngImagePlugin:STREAM b'IHDR' 16 13
DEBUG:PIL.PngImagePlugin:STREAM b'IDAT' 41 5787
DEBUG:PIL.PngImagePlugin:STREAM b'IHDR' 16 13
DEBUG:PIL.PngImagePlugin:STREAM b'IDAT' 41 5688
DEBUG:PIL.PngImagePlugin:STREAM b'IHDR' 16 13
DEBUG:PIL.PngImagePlugin:STREAM b'IDAT' 41 5723
DEBUG:root:this is images.shape:(20, 32, 32, 3)
DEBUG:root:this is integer_encoded:[3 0 0 1 2 3 1 2 1 3 3 0 0 1 2 3 1 2 1 3]
DEBUG:root:this is integer_encoded.shape:(20,)
DEBUG:root:Completed preprocessing
DEBUG:root:Completed loading data
DEBUG:root:This is data_dict: [{'image_id': 1, 'label': 4, 'image': <PIL.PngImagePlugin.PngImageFile image mode=RGB size=64x64 at 0x1CB03FE4550>}, {'image_id': 2, 'label': 1, 'image': <PIL.PngImagePlugin.PngImageFile image mode=RGB size=64x64 at 0x1CB040607C0>}, {'image_id': 3, 'label': 1, 'image': <PIL.PngImagePlugin.PngImageFile image mode=RGB size=64x64 at 0x1CB040607F0>}, {'image_id': 4, 'label': 2, 'image': <PIL.PngImagePlugin.PngImageFile image mode=RGB size=64x64 at 0x1CB04060DF0>}, {'image_id': 5, 'label': 3, 'image': <PIL.PngImagePlugin.PngImageFile image mode=RGB size=64x64 at 0x1CB04061F30>}, {'image_id': 6, 'label': 4, 'image': <PIL.PngImagePlugin.PngImageFile image mode=RGB size=64x64 at 0x1CB04061ED0>}, {'image_id': 7, 'label': 2, 'image': <PIL.PngImagePlugin.PngImageFile image mode=RGB size=64x64 at 0x1CB04061F90>}, {'image_id': 8, 'label': 3, 'image': <PIL.PngImagePlugin.PngImageFile image mode=RGB size=64x64 at 0x1CB04061FF0>}, {'image_id': 9, 'label': 2, 'image': <PIL.PngImagePlugin.PngImageFile image mode=RGB size=64x64 at 0x1CB04062050>}, {'image_id': 10, 'label': 4, 'image': <PIL.PngImagePlugin.PngImageFile image mode=RGB size=64x64 at 0x1CB040620B0>}, {'image_id': 1, 'label': 4, 'image': <PIL.PngImagePlugin.PngImageFile image mode=RGB size=64x64 at 0x1CB04062110>}, {'image_id': 2, 'label': 1, 'image': <PIL.PngImagePlugin.PngImageFile image mode=RGB size=64x64 at 0x1CB04062170>}, {'image_id': 3, 'label': 1, 'image': <PIL.PngImagePlugin.PngImageFile image mode=RGB size=64x64 at 0x1CB040621D0>}, {'image_id': 4, 'label': 2, 'image': <PIL.PngImagePlugin.PngImageFile image mode=RGB size=64x64 at 0x1CB04062230>}, {'image_id': 5, 'label': 3, 'image': <PIL.PngImagePlugin.PngImageFile image mode=RGB size=64x64 at 0x1CB04062290>}, {'image_id': 6, 'label': 4, 'image': <PIL.PngImagePlugin.PngImageFile image mode=RGB size=64x64 at 0x1CB040622F0>}, {'image_id': 7, 'label': 2, 'image': <PIL.PngImagePlugin.PngImageFile image mode=RGB size=64x64 at 0x1CB04062350>}, {'image_id': 8, 'label': 3, 'image': <PIL.PngImagePlugin.PngImageFile image mode=RGB size=64x64 at 0x1CB040623B0>}, {'image_id': 9, 'label': 2, 'image': <PIL.PngImagePlugin.PngImageFile image mode=RGB size=64x64 at 0x1CB04062470>}, {'image_id': 10, 'label': 4, 'image': <PIL.PngImagePlugin.PngImageFile image mode=RGB size=64x64 at 0x1CB04062410>}]
DEBUG:root:This is dataset: <_ShuffleDataset element_spec=(TensorSpec(shape=(32, 32, 3), dtype=tf.float32, name=None), TensorSpec(shape=(), dtype=tf.int64, name=None))>
DEBUG:h5py._conv:Creating converter from 3 to 5
WARNING:absl:Compiled the loaded model, but the compiled metrics have yet to be built. `model.compile_metrics` will be empty until you train or evaluate the model.
WARNING:absl:Error in loading the saved optimizer state. As a result, your model is starting with a freshly initialized optimizer.
DEBUG:root:Completed inferencing
INFO:werkzeug:127.0.0.1 - - [15/Mar/2024 20:18:57] "[35m[1mPOST /inference?user_id=khangxlei&data_id=cifar10 HTTP/1.1[0m" 500 -
INFO:werkzeug: * Detected change in 'C:\\Users\\khang\\OneDrive\\Desktop\\SCHOOL\\SPRING_senior_2024\\EC530\\project_2\\modules\\inference_data.py', reloading
DEBUG:PIL.PngImagePlugin:STREAM b'IHDR' 16 13
DEBUG:PIL.PngImagePlugin:STREAM b'IDAT' 41 6099
DEBUG:PIL.PngImagePlugin:STREAM b'IHDR' 16 13
DEBUG:PIL.PngImagePlugin:STREAM b'IDAT' 41 6412
DEBUG:PIL.PngImagePlugin:STREAM b'IHDR' 16 13
DEBUG:PIL.PngImagePlugin:STREAM b'IDAT' 41 6897
DEBUG:PIL.PngImagePlugin:STREAM b'IHDR' 16 13
DEBUG:PIL.PngImagePlugin:STREAM b'IDAT' 41 7026
DEBUG:PIL.PngImagePlugin:STREAM b'IHDR' 16 13
DEBUG:PIL.PngImagePlugin:STREAM b'IDAT' 41 5516
DEBUG:PIL.PngImagePlugin:STREAM b'IHDR' 16 13
DEBUG:PIL.PngImagePlugin:STREAM b'IDAT' 41 5092
DEBUG:PIL.PngImagePlugin:STREAM b'IHDR' 16 13
DEBUG:PIL.PngImagePlugin:STREAM b'IDAT' 41 5241
DEBUG:PIL.PngImagePlugin:STREAM b'IHDR' 16 13
DEBUG:PIL.PngImagePlugin:STREAM b'IDAT' 41 5787
DEBUG:PIL.PngImagePlugin:STREAM b'IHDR' 16 13
DEBUG:PIL.PngImagePlugin:STREAM b'IDAT' 41 5688
DEBUG:PIL.PngImagePlugin:STREAM b'IHDR' 16 13
DEBUG:PIL.PngImagePlugin:STREAM b'IDAT' 41 5723
DEBUG:PIL.PngImagePlugin:STREAM b'IHDR' 16 13
DEBUG:PIL.PngImagePlugin:STREAM b'IDAT' 41 6099
DEBUG:PIL.PngImagePlugin:STREAM b'IHDR' 16 13
DEBUG:PIL.PngImagePlugin:STREAM b'IDAT' 41 6412
DEBUG:PIL.PngImagePlugin:STREAM b'IHDR' 16 13
DEBUG:PIL.PngImagePlugin:STREAM b'IDAT' 41 6897
DEBUG:PIL.PngImagePlugin:STREAM b'IHDR' 16 13
DEBUG:PIL.PngImagePlugin:STREAM b'IDAT' 41 7026
DEBUG:PIL.PngImagePlugin:STREAM b'IHDR' 16 13
DEBUG:PIL.PngImagePlugin:STREAM b'IDAT' 41 5516
DEBUG:PIL.PngImagePlugin:STREAM b'IHDR' 16 13
DEBUG:PIL.PngImagePlugin:STREAM b'IDAT' 41 5092
DEBUG:PIL.PngImagePlugin:STREAM b'IHDR' 16 13
DEBUG:PIL.PngImagePlugin:STREAM b'IDAT' 41 5241
DEBUG:PIL.PngImagePlugin:STREAM b'IHDR' 16 13
DEBUG:PIL.PngImagePlugin:STREAM b'IDAT' 41 5787
DEBUG:PIL.PngImagePlugin:STREAM b'IHDR' 16 13
DEBUG:PIL.PngImagePlugin:STREAM b'IDAT' 41 5688
DEBUG:PIL.PngImagePlugin:STREAM b'IHDR' 16 13
DEBUG:PIL.PngImagePlugin:STREAM b'IDAT' 41 5723
DEBUG:root:this is images.shape:(20, 32, 32, 3)
DEBUG:root:this is integer_encoded:[3 0 0 1 2 3 1 2 1 3 3 0 0 1 2 3 1 2 1 3]
DEBUG:root:this is integer_encoded.shape:(20,)
DEBUG:root:Completed preprocessing
DEBUG:root:Completed loading data
DEBUG:root:This is data_dict: [{'image_id': 1, 'label': 4, 'image': <PIL.PngImagePlugin.PngImageFile image mode=RGB size=64x64 at 0x14CC0D3E4D0>}, {'image_id': 2, 'label': 1, 'image': <PIL.PngImagePlugin.PngImageFile image mode=RGB size=64x64 at 0x14CC10107C0>}, {'image_id': 3, 'label': 1, 'image': <PIL.PngImagePlugin.PngImageFile image mode=RGB size=64x64 at 0x14CC10107F0>}, {'image_id': 4, 'label': 2, 'image': <PIL.PngImagePlugin.PngImageFile image mode=RGB size=64x64 at 0x14CC1010DF0>}, {'image_id': 5, 'label': 3, 'image': <PIL.PngImagePlugin.PngImageFile image mode=RGB size=64x64 at 0x14CC1011F30>}, {'image_id': 6, 'label': 4, 'image': <PIL.PngImagePlugin.PngImageFile image mode=RGB size=64x64 at 0x14CC1011630>}, {'image_id': 7, 'label': 2, 'image': <PIL.PngImagePlugin.PngImageFile image mode=RGB size=64x64 at 0x14CC1011F90>}, {'image_id': 8, 'label': 3, 'image': <PIL.PngImagePlugin.PngImageFile image mode=RGB size=64x64 at 0x14CC1011FF0>}, {'image_id': 9, 'label': 2, 'image': <PIL.PngImagePlugin.PngImageFile image mode=RGB size=64x64 at 0x14CC1012050>}, {'image_id': 10, 'label': 4, 'image': <PIL.PngImagePlugin.PngImageFile image mode=RGB size=64x64 at 0x14CC10120B0>}, {'image_id': 1, 'label': 4, 'image': <PIL.PngImagePlugin.PngImageFile image mode=RGB size=64x64 at 0x14CC1012110>}, {'image_id': 2, 'label': 1, 'image': <PIL.PngImagePlugin.PngImageFile image mode=RGB size=64x64 at 0x14CC1012170>}, {'image_id': 3, 'label': 1, 'image': <PIL.PngImagePlugin.PngImageFile image mode=RGB size=64x64 at 0x14CC10121D0>}, {'image_id': 4, 'label': 2, 'image': <PIL.PngImagePlugin.PngImageFile image mode=RGB size=64x64 at 0x14CC1012230>}, {'image_id': 5, 'label': 3, 'image': <PIL.PngImagePlugin.PngImageFile image mode=RGB size=64x64 at 0x14CC1012290>}, {'image_id': 6, 'label': 4, 'image': <PIL.PngImagePlugin.PngImageFile image mode=RGB size=64x64 at 0x14CC10122F0>}, {'image_id': 7, 'label': 2, 'image': <PIL.PngImagePlugin.PngImageFile image mode=RGB size=64x64 at 0x14CC1012350>}, {'image_id': 8, 'label': 3, 'image': <PIL.PngImagePlugin.PngImageFile image mode=RGB size=64x64 at 0x14CC10123B0>}, {'image_id': 9, 'label': 2, 'image': <PIL.PngImagePlugin.PngImageFile image mode=RGB size=64x64 at 0x14CC1012410>}, {'image_id': 10, 'label': 4, 'image': <PIL.PngImagePlugin.PngImageFile image mode=RGB size=64x64 at 0x14CC1012470>}]
DEBUG:root:This is dataset: <_ShuffleDataset element_spec=(TensorSpec(shape=(32, 32, 3), dtype=tf.float32, name=None), TensorSpec(shape=(), dtype=tf.int64, name=None))>
DEBUG:h5py._conv:Creating converter from 3 to 5
WARNING:absl:Compiled the loaded model, but the compiled metrics have yet to be built. `model.compile_metrics` will be empty until you train or evaluate the model.
WARNING:absl:Error in loading the saved optimizer state. As a result, your model is starting with a freshly initialized optimizer.
DEBUG:root:Completed inferencing
INFO:werkzeug:127.0.0.1 - - [15/Mar/2024 20:20:22] "POST /inference?user_id=khangxlei&data_id=cifar10 HTTP/1.1" 200 -
INFO:werkzeug: * Detected change in 'C:\\Users\\khang\\OneDrive\\Desktop\\SCHOOL\\SPRING_senior_2024\\EC530\\project_2\\inference.py', reloading
DEBUG:PIL.PngImagePlugin:STREAM b'IHDR' 16 13
DEBUG:PIL.PngImagePlugin:STREAM b'IDAT' 41 6099
DEBUG:PIL.PngImagePlugin:STREAM b'IHDR' 16 13
DEBUG:PIL.PngImagePlugin:STREAM b'IDAT' 41 6412
DEBUG:PIL.PngImagePlugin:STREAM b'IHDR' 16 13
DEBUG:PIL.PngImagePlugin:STREAM b'IDAT' 41 6897
DEBUG:PIL.PngImagePlugin:STREAM b'IHDR' 16 13
DEBUG:PIL.PngImagePlugin:STREAM b'IDAT' 41 7026
DEBUG:PIL.PngImagePlugin:STREAM b'IHDR' 16 13
DEBUG:PIL.PngImagePlugin:STREAM b'IDAT' 41 5516
DEBUG:PIL.PngImagePlugin:STREAM b'IHDR' 16 13
DEBUG:PIL.PngImagePlugin:STREAM b'IDAT' 41 5092
DEBUG:PIL.PngImagePlugin:STREAM b'IHDR' 16 13
DEBUG:PIL.PngImagePlugin:STREAM b'IDAT' 41 5241
DEBUG:PIL.PngImagePlugin:STREAM b'IHDR' 16 13
DEBUG:PIL.PngImagePlugin:STREAM b'IDAT' 41 5787
DEBUG:PIL.PngImagePlugin:STREAM b'IHDR' 16 13
DEBUG:PIL.PngImagePlugin:STREAM b'IDAT' 41 5688
DEBUG:PIL.PngImagePlugin:STREAM b'IHDR' 16 13
DEBUG:PIL.PngImagePlugin:STREAM b'IDAT' 41 5723
DEBUG:PIL.PngImagePlugin:STREAM b'IHDR' 16 13
DEBUG:PIL.PngImagePlugin:STREAM b'IDAT' 41 6099
DEBUG:PIL.PngImagePlugin:STREAM b'IHDR' 16 13
DEBUG:PIL.PngImagePlugin:STREAM b'IDAT' 41 6412
DEBUG:PIL.PngImagePlugin:STREAM b'IHDR' 16 13
DEBUG:PIL.PngImagePlugin:STREAM b'IDAT' 41 6897
DEBUG:PIL.PngImagePlugin:STREAM b'IHDR' 16 13
DEBUG:PIL.PngImagePlugin:STREAM b'IDAT' 41 7026
DEBUG:PIL.PngImagePlugin:STREAM b'IHDR' 16 13
DEBUG:PIL.PngImagePlugin:STREAM b'IDAT' 41 5516
DEBUG:PIL.PngImagePlugin:STREAM b'IHDR' 16 13
DEBUG:PIL.PngImagePlugin:STREAM b'IDAT' 41 5092
DEBUG:PIL.PngImagePlugin:STREAM b'IHDR' 16 13
DEBUG:PIL.PngImagePlugin:STREAM b'IDAT' 41 5241
DEBUG:PIL.PngImagePlugin:STREAM b'IHDR' 16 13
DEBUG:PIL.PngImagePlugin:STREAM b'IDAT' 41 5787
DEBUG:PIL.PngImagePlugin:STREAM b'IHDR' 16 13
DEBUG:PIL.PngImagePlugin:STREAM b'IDAT' 41 5688
DEBUG:PIL.PngImagePlugin:STREAM b'IHDR' 16 13
DEBUG:PIL.PngImagePlugin:STREAM b'IDAT' 41 5723
DEBUG:root:this is images.shape:(20, 32, 32, 3)
DEBUG:root:this is integer_encoded:[3 0 0 1 2 3 1 2 1 3 3 0 0 1 2 3 1 2 1 3]
DEBUG:root:this is integer_encoded.shape:(20,)
DEBUG:root:Completed preprocessing
DEBUG:root:Completed loading data
DEBUG:root:This is data_dict: [{'image_id': 1, 'label': 4, 'image': <PIL.PngImagePlugin.PngImageFile image mode=RGB size=64x64 at 0x2042E508580>}, {'image_id': 2, 'label': 1, 'image': <PIL.PngImagePlugin.PngImageFile image mode=RGB size=64x64 at 0x2042E8107C0>}, {'image_id': 3, 'label': 1, 'image': <PIL.PngImagePlugin.PngImageFile image mode=RGB size=64x64 at 0x2042E8107F0>}, {'image_id': 4, 'label': 2, 'image': <PIL.PngImagePlugin.PngImageFile image mode=RGB size=64x64 at 0x2042E810DF0>}, {'image_id': 5, 'label': 3, 'image': <PIL.PngImagePlugin.PngImageFile image mode=RGB size=64x64 at 0x2042E811F30>}, {'image_id': 6, 'label': 4, 'image': <PIL.PngImagePlugin.PngImageFile image mode=RGB size=64x64 at 0x2042E811630>}, {'image_id': 7, 'label': 2, 'image': <PIL.PngImagePlugin.PngImageFile image mode=RGB size=64x64 at 0x2042E811F90>}, {'image_id': 8, 'label': 3, 'image': <PIL.PngImagePlugin.PngImageFile image mode=RGB size=64x64 at 0x2042E812050>}, {'image_id': 9, 'label': 2, 'image': <PIL.PngImagePlugin.PngImageFile image mode=RGB size=64x64 at 0x2042E811FF0>}, {'image_id': 10, 'label': 4, 'image': <PIL.PngImagePlugin.PngImageFile image mode=RGB size=64x64 at 0x2042E8120B0>}, {'image_id': 1, 'label': 4, 'image': <PIL.PngImagePlugin.PngImageFile image mode=RGB size=64x64 at 0x2042E812110>}, {'image_id': 2, 'label': 1, 'image': <PIL.PngImagePlugin.PngImageFile image mode=RGB size=64x64 at 0x2042E812170>}, {'image_id': 3, 'label': 1, 'image': <PIL.PngImagePlugin.PngImageFile image mode=RGB size=64x64 at 0x2042E8121D0>}, {'image_id': 4, 'label': 2, 'image': <PIL.PngImagePlugin.PngImageFile image mode=RGB size=64x64 at 0x2042E812230>}, {'image_id': 5, 'label': 3, 'image': <PIL.PngImagePlugin.PngImageFile image mode=RGB size=64x64 at 0x2042E812290>}, {'image_id': 6, 'label': 4, 'image': <PIL.PngImagePlugin.PngImageFile image mode=RGB size=64x64 at 0x2042E8122F0>}, {'image_id': 7, 'label': 2, 'image': <PIL.PngImagePlugin.PngImageFile image mode=RGB size=64x64 at 0x2042E812350>}, {'image_id': 8, 'label': 3, 'image': <PIL.PngImagePlugin.PngImageFile image mode=RGB size=64x64 at 0x2042E8123B0>}, {'image_id': 9, 'label': 2, 'image': <PIL.PngImagePlugin.PngImageFile image mode=RGB size=64x64 at 0x2042E812410>}, {'image_id': 10, 'label': 4, 'image': <PIL.PngImagePlugin.PngImageFile image mode=RGB size=64x64 at 0x2042E812470>}]
DEBUG:root:This is dataset: <_ShuffleDataset element_spec=(TensorSpec(shape=(32, 32, 3), dtype=tf.float32, name=None), TensorSpec(shape=(), dtype=tf.int64, name=None))>
DEBUG:h5py._conv:Creating converter from 3 to 5
WARNING:absl:Compiled the loaded model, but the compiled metrics have yet to be built. `model.compile_metrics` will be empty until you train or evaluate the model.
WARNING:absl:Error in loading the saved optimizer state. As a result, your model is starting with a freshly initialized optimizer.
DEBUG:root:Completed inferencing
INFO:werkzeug:127.0.0.1 - - [15/Mar/2024 20:26:24] "POST /inference?user_id=khangxlei&data_id=cifar10 HTTP/1.1" 200 -
DEBUG:PIL.PngImagePlugin:STREAM b'IHDR' 16 13
DEBUG:PIL.PngImagePlugin:STREAM b'IDAT' 41 6099
DEBUG:PIL.PngImagePlugin:STREAM b'IHDR' 16 13
DEBUG:PIL.PngImagePlugin:STREAM b'IDAT' 41 6412
DEBUG:PIL.PngImagePlugin:STREAM b'IHDR' 16 13
DEBUG:PIL.PngImagePlugin:STREAM b'IDAT' 41 6897
DEBUG:PIL.PngImagePlugin:STREAM b'IHDR' 16 13
DEBUG:PIL.PngImagePlugin:STREAM b'IDAT' 41 7026
DEBUG:PIL.PngImagePlugin:STREAM b'IHDR' 16 13
DEBUG:PIL.PngImagePlugin:STREAM b'IDAT' 41 5516
DEBUG:PIL.PngImagePlugin:STREAM b'IHDR' 16 13
DEBUG:PIL.PngImagePlugin:STREAM b'IDAT' 41 5092
DEBUG:PIL.PngImagePlugin:STREAM b'IHDR' 16 13
DEBUG:PIL.PngImagePlugin:STREAM b'IDAT' 41 5241
DEBUG:PIL.PngImagePlugin:STREAM b'IHDR' 16 13
DEBUG:PIL.PngImagePlugin:STREAM b'IDAT' 41 5787
DEBUG:PIL.PngImagePlugin:STREAM b'IHDR' 16 13
DEBUG:PIL.PngImagePlugin:STREAM b'IDAT' 41 5688
DEBUG:PIL.PngImagePlugin:STREAM b'IHDR' 16 13
DEBUG:PIL.PngImagePlugin:STREAM b'IDAT' 41 5723
DEBUG:root:this is images.shape:(10, 32, 32, 3)
DEBUG:root:This is dataset size: 10
DEBUG:root:Completed preprocessing
DEBUG:root:Completed loading data
DEBUG:root:This is data_dict: [{'image_id': 1, 'label': 4, 'image': <PIL.PngImagePlugin.PngImageFile image mode=RGB size=64x64 at 0x1B3FD6FC4F0>}, {'image_id': 2, 'label': 1, 'image': <PIL.PngImagePlugin.PngImageFile image mode=RGB size=64x64 at 0x1B3FDA10760>}, {'image_id': 3, 'label': 1, 'image': <PIL.PngImagePlugin.PngImageFile image mode=RGB size=64x64 at 0x1B3FDA10790>}, {'image_id': 4, 'label': 2, 'image': <PIL.PngImagePlugin.PngImageFile image mode=RGB size=64x64 at 0x1B3FDA10D90>}, {'image_id': 5, 'label': 3, 'image': <PIL.PngImagePlugin.PngImageFile image mode=RGB size=64x64 at 0x1B3FDA11ED0>}, {'image_id': 6, 'label': 4, 'image': <PIL.PngImagePlugin.PngImageFile image mode=RGB size=64x64 at 0x1B3FDA115D0>}, {'image_id': 7, 'label': 2, 'image': <PIL.PngImagePlugin.PngImageFile image mode=RGB size=64x64 at 0x1B3FDA11F30>}, {'image_id': 8, 'label': 3, 'image': <PIL.PngImagePlugin.PngImageFile image mode=RGB size=64x64 at 0x1B3FDA11FF0>}, {'image_id': 9, 'label': 2, 'image': <PIL.PngImagePlugin.PngImageFile image mode=RGB size=64x64 at 0x1B3FDA11E70>}, {'image_id': 10, 'label': 4, 'image': <PIL.PngImagePlugin.PngImageFile image mode=RGB size=64x64 at 0x1B3FDA120B0>}]
DEBUG:root:This is dataset: <_ShuffleDataset element_spec=(TensorSpec(shape=(32, 32, 3), dtype=tf.float32, name=None), TensorSpec(shape=(), dtype=tf.int64, name=None))>
DEBUG:h5py._conv:Creating converter from 3 to 5
WARNING:absl:Compiled the loaded model, but the compiled metrics have yet to be built. `model.compile_metrics` will be empty until you train or evaluate the model.
WARNING:absl:Error in loading the saved optimizer state. As a result, your model is starting with a freshly initialized optimizer.
DEBUG:root:Completed inferencing
INFO:werkzeug:127.0.0.1 - - [18/Mar/2024 12:05:42] "POST /inference?user_id=khangxlei&data_id=cifar10 HTTP/1.1" 200 -
INFO:werkzeug: * Detected change in 'C:\\Users\\khang\\OneDrive\\Desktop\\SCHOOL\\SPRING_senior_2024\\EC530\\project_2\\tests\\inference_test.py', reloading
DEBUG:PIL.PngImagePlugin:STREAM b'IHDR' 16 13
DEBUG:PIL.PngImagePlugin:STREAM b'IDAT' 41 6099
DEBUG:PIL.PngImagePlugin:STREAM b'IHDR' 16 13
DEBUG:PIL.PngImagePlugin:STREAM b'IDAT' 41 6412
DEBUG:PIL.PngImagePlugin:STREAM b'IHDR' 16 13
DEBUG:PIL.PngImagePlugin:STREAM b'IDAT' 41 6897
DEBUG:PIL.PngImagePlugin:STREAM b'IHDR' 16 13
DEBUG:PIL.PngImagePlugin:STREAM b'IDAT' 41 7026
DEBUG:PIL.PngImagePlugin:STREAM b'IHDR' 16 13
DEBUG:PIL.PngImagePlugin:STREAM b'IDAT' 41 5516
DEBUG:PIL.PngImagePlugin:STREAM b'IHDR' 16 13
DEBUG:PIL.PngImagePlugin:STREAM b'IDAT' 41 5092
DEBUG:PIL.PngImagePlugin:STREAM b'IHDR' 16 13
DEBUG:PIL.PngImagePlugin:STREAM b'IDAT' 41 5241
DEBUG:PIL.PngImagePlugin:STREAM b'IHDR' 16 13
DEBUG:PIL.PngImagePlugin:STREAM b'IDAT' 41 5787
DEBUG:PIL.PngImagePlugin:STREAM b'IHDR' 16 13
DEBUG:PIL.PngImagePlugin:STREAM b'IDAT' 41 5688
DEBUG:PIL.PngImagePlugin:STREAM b'IHDR' 16 13
DEBUG:PIL.PngImagePlugin:STREAM b'IDAT' 41 5723
DEBUG:root:this is images.shape:(10, 32, 32, 3)
DEBUG:root:This is dataset size: 10
DEBUG:root:Completed preprocessing
DEBUG:root:Completed loading data
DEBUG:root:This is data_dict: [{'image_id': 11, 'label': 4, 'image': <PIL.PngImagePlugin.PngImageFile image mode=RGB size=64x64 at 0x291B34C84C0>}, {'image_id': 12, 'label': 1, 'image': <PIL.PngImagePlugin.PngImageFile image mode=RGB size=64x64 at 0x291B38147C0>}, {'image_id': 13, 'label': 1, 'image': <PIL.PngImagePlugin.PngImageFile image mode=RGB size=64x64 at 0x291B38147F0>}, {'image_id': 14, 'label': 2, 'image': <PIL.PngImagePlugin.PngImageFile image mode=RGB size=64x64 at 0x291B3814DF0>}, {'image_id': 15, 'label': 3, 'image': <PIL.PngImagePlugin.PngImageFile image mode=RGB size=64x64 at 0x291B3815630>}, {'image_id': 16, 'label': 4, 'image': <PIL.PngImagePlugin.PngImageFile image mode=RGB size=64x64 at 0x291B3815F00>}, {'image_id': 17, 'label': 2, 'image': <PIL.PngImagePlugin.PngImageFile image mode=RGB size=64x64 at 0x291B3815F60>}, {'image_id': 18, 'label': 3, 'image': <PIL.PngImagePlugin.PngImageFile image mode=RGB size=64x64 at 0x291B3815FC0>}, {'image_id': 19, 'label': 2, 'image': <PIL.PngImagePlugin.PngImageFile image mode=RGB size=64x64 at 0x291B3816020>}, {'image_id': 20, 'label': 4, 'image': <PIL.PngImagePlugin.PngImageFile image mode=RGB size=64x64 at 0x291B3816080>}]
DEBUG:root:This is dataset: <_ShuffleDataset element_spec=(TensorSpec(shape=(32, 32, 3), dtype=tf.float32, name=None), TensorSpec(shape=(), dtype=tf.int64, name=None))>
DEBUG:h5py._conv:Creating converter from 3 to 5
WARNING:absl:Compiled the loaded model, but the compiled metrics have yet to be built. `model.compile_metrics` will be empty until you train or evaluate the model.
WARNING:absl:Error in loading the saved optimizer state. As a result, your model is starting with a freshly initialized optimizer.
DEBUG:root:Completed inferencing
INFO:werkzeug:127.0.0.1 - - [18/Mar/2024 12:07:01] "POST /inference?user_id=khang&data_id=cifar10v2 HTTP/1.1" 200 -
INFO:werkzeug: * Detected change in 'C:\\Users\\khang\\OneDrive\\Desktop\\SCHOOL\\SPRING_senior_2024\\EC530\\project_2\\tests\\inference_test.py', reloading
DEBUG:PIL.PngImagePlugin:STREAM b'IHDR' 16 13
DEBUG:PIL.PngImagePlugin:STREAM b'IDAT' 41 6099
DEBUG:PIL.PngImagePlugin:STREAM b'IHDR' 16 13
DEBUG:PIL.PngImagePlugin:STREAM b'IDAT' 41 6412
DEBUG:PIL.PngImagePlugin:STREAM b'IHDR' 16 13
DEBUG:PIL.PngImagePlugin:STREAM b'IDAT' 41 6897
DEBUG:PIL.PngImagePlugin:STREAM b'IHDR' 16 13
DEBUG:PIL.PngImagePlugin:STREAM b'IDAT' 41 7026
DEBUG:PIL.PngImagePlugin:STREAM b'IHDR' 16 13
DEBUG:PIL.PngImagePlugin:STREAM b'IDAT' 41 5516
DEBUG:PIL.PngImagePlugin:STREAM b'IHDR' 16 13
DEBUG:PIL.PngImagePlugin:STREAM b'IDAT' 41 5092
DEBUG:PIL.PngImagePlugin:STREAM b'IHDR' 16 13
DEBUG:PIL.PngImagePlugin:STREAM b'IDAT' 41 5241
DEBUG:PIL.PngImagePlugin:STREAM b'IHDR' 16 13
DEBUG:PIL.PngImagePlugin:STREAM b'IDAT' 41 5787
DEBUG:PIL.PngImagePlugin:STREAM b'IHDR' 16 13
DEBUG:PIL.PngImagePlugin:STREAM b'IDAT' 41 5688
DEBUG:PIL.PngImagePlugin:STREAM b'IHDR' 16 13
DEBUG:PIL.PngImagePlugin:STREAM b'IDAT' 41 5723
DEBUG:root:this is images.shape:(10, 32, 32, 3)
DEBUG:root:This is dataset size: 10
DEBUG:root:Completed preprocessing
DEBUG:root:Completed loading data
DEBUG:root:This is data_dict: [{'image_id': 21, 'label': 4, 'image': <PIL.PngImagePlugin.PngImageFile image mode=RGB size=64x64 at 0x204F85CC550>}, {'image_id': 22, 'label': 1, 'image': <PIL.PngImagePlugin.PngImageFile image mode=RGB size=64x64 at 0x204F8810790>}, {'image_id': 23, 'label': 1, 'image': <PIL.PngImagePlugin.PngImageFile image mode=RGB size=64x64 at 0x204F88107C0>}, {'image_id': 24, 'label': 2, 'image': <PIL.PngImagePlugin.PngImageFile image mode=RGB size=64x64 at 0x204F8810DC0>}, {'image_id': 25, 'label': 3, 'image': <PIL.PngImagePlugin.PngImageFile image mode=RGB size=64x64 at 0x204F8811F00>}, {'image_id': 26, 'label': 4, 'image': <PIL.PngImagePlugin.PngImageFile image mode=RGB size=64x64 at 0x204F8811600>}, {'image_id': 27, 'label': 2, 'image': <PIL.PngImagePlugin.PngImageFile image mode=RGB size=64x64 at 0x204F8811F60>}, {'image_id': 28, 'label': 3, 'image': <PIL.PngImagePlugin.PngImageFile image mode=RGB size=64x64 at 0x204F8811FC0>}, {'image_id': 29, 'label': 2, 'image': <PIL.PngImagePlugin.PngImageFile image mode=RGB size=64x64 at 0x204F8812020>}, {'image_id': 30, 'label': 4, 'image': <PIL.PngImagePlugin.PngImageFile image mode=RGB size=64x64 at 0x204F8812080>}]
DEBUG:root:This is dataset: <_ShuffleDataset element_spec=(TensorSpec(shape=(32, 32, 3), dtype=tf.float32, name=None), TensorSpec(shape=(), dtype=tf.int64, name=None))>
DEBUG:h5py._conv:Creating converter from 3 to 5
WARNING:absl:Compiled the loaded model, but the compiled metrics have yet to be built. `model.compile_metrics` will be empty until you train or evaluate the model.
WARNING:absl:Error in loading the saved optimizer state. As a result, your model is starting with a freshly initialized optimizer.
DEBUG:root:Completed inferencing
INFO:werkzeug:127.0.0.1 - - [18/Mar/2024 12:07:15] "POST /inference?user_id=khangle&data_id=cifar10v3 HTTP/1.1" 200 -
INFO:werkzeug: * Detected change in 'C:\\Users\\khang\\OneDrive\\Desktop\\SCHOOL\\SPRING_senior_2024\\EC530\\project_2\\tests\\inference_test.py', reloading
