DEBUG:PIL.PngImagePlugin:STREAM b'IHDR' 16 13
DEBUG:PIL.PngImagePlugin:STREAM b'IDAT' 41 6099
DEBUG:PIL.PngImagePlugin:STREAM b'IHDR' 16 13
DEBUG:PIL.PngImagePlugin:STREAM b'IDAT' 41 6412
DEBUG:PIL.PngImagePlugin:STREAM b'IHDR' 16 13
DEBUG:PIL.PngImagePlugin:STREAM b'IDAT' 41 6897
DEBUG:PIL.PngImagePlugin:STREAM b'IHDR' 16 13
DEBUG:PIL.PngImagePlugin:STREAM b'IDAT' 41 7026
DEBUG:PIL.PngImagePlugin:STREAM b'IHDR' 16 13
DEBUG:PIL.PngImagePlugin:STREAM b'IDAT' 41 5516
DEBUG:PIL.PngImagePlugin:STREAM b'IHDR' 16 13
DEBUG:PIL.PngImagePlugin:STREAM b'IDAT' 41 5092
DEBUG:PIL.PngImagePlugin:STREAM b'IHDR' 16 13
DEBUG:PIL.PngImagePlugin:STREAM b'IDAT' 41 5241
DEBUG:PIL.PngImagePlugin:STREAM b'IHDR' 16 13
DEBUG:PIL.PngImagePlugin:STREAM b'IDAT' 41 5787
DEBUG:PIL.PngImagePlugin:STREAM b'IHDR' 16 13
DEBUG:PIL.PngImagePlugin:STREAM b'IDAT' 41 5688
DEBUG:PIL.PngImagePlugin:STREAM b'IHDR' 16 13
DEBUG:PIL.PngImagePlugin:STREAM b'IDAT' 41 5723
DEBUG:PIL.PngImagePlugin:STREAM b'IHDR' 16 13
DEBUG:PIL.PngImagePlugin:STREAM b'IDAT' 41 6099
DEBUG:PIL.PngImagePlugin:STREAM b'IHDR' 16 13
DEBUG:PIL.PngImagePlugin:STREAM b'IDAT' 41 6412
DEBUG:PIL.PngImagePlugin:STREAM b'IHDR' 16 13
DEBUG:PIL.PngImagePlugin:STREAM b'IDAT' 41 6897
DEBUG:PIL.PngImagePlugin:STREAM b'IHDR' 16 13
DEBUG:PIL.PngImagePlugin:STREAM b'IDAT' 41 7026
DEBUG:PIL.PngImagePlugin:STREAM b'IHDR' 16 13
DEBUG:PIL.PngImagePlugin:STREAM b'IDAT' 41 5516
DEBUG:PIL.PngImagePlugin:STREAM b'IHDR' 16 13
DEBUG:PIL.PngImagePlugin:STREAM b'IDAT' 41 5092
DEBUG:PIL.PngImagePlugin:STREAM b'IHDR' 16 13
DEBUG:PIL.PngImagePlugin:STREAM b'IDAT' 41 5241
DEBUG:PIL.PngImagePlugin:STREAM b'IHDR' 16 13
DEBUG:PIL.PngImagePlugin:STREAM b'IDAT' 41 5787
DEBUG:PIL.PngImagePlugin:STREAM b'IHDR' 16 13
DEBUG:PIL.PngImagePlugin:STREAM b'IDAT' 41 5688
DEBUG:PIL.PngImagePlugin:STREAM b'IHDR' 16 13
DEBUG:PIL.PngImagePlugin:STREAM b'IDAT' 41 5723
DEBUG:root:this is images.shape:(20, 32, 32, 3)
DEBUG:root:This is dataset size: 20
DEBUG:root:Completed preprocessing
DEBUG:root:train_size: 16
DEBUG:root:test_size: 4
DEBUG:root:This is train_dataset_size: 16
DEBUG:root:This is test_dataset_size: 4
DEBUG:root:Completed train test split
DEBUG:root:X_train.shape: (16, 32, 32, 3)
DEBUG:root:X_test.shape: (4, 32, 32, 3)
DEBUG:root:y_train.shape: (16,)
DEBUG:root:y_test.shape: (4,)
DEBUG:root:This is data_dict: [{'image_id': 1, 'label': 4, 'image': <PIL.PngImagePlugin.PngImageFile image mode=RGB size=64x64 at 0x17A44BCC7C0>}, {'image_id': 2, 'label': 1, 'image': <PIL.PngImagePlugin.PngImageFile image mode=RGB size=64x64 at 0x17A44E10A30>}, {'image_id': 3, 'label': 1, 'image': <PIL.PngImagePlugin.PngImageFile image mode=RGB size=64x64 at 0x17A44E10A60>}, {'image_id': 4, 'label': 2, 'image': <PIL.PngImagePlugin.PngImageFile image mode=RGB size=64x64 at 0x17A44E11060>}, {'image_id': 5, 'label': 3, 'image': <PIL.PngImagePlugin.PngImageFile image mode=RGB size=64x64 at 0x17A44E121A0>}, {'image_id': 6, 'label': 4, 'image': <PIL.PngImagePlugin.PngImageFile image mode=RGB size=64x64 at 0x17A44E118A0>}, {'image_id': 7, 'label': 2, 'image': <PIL.PngImagePlugin.PngImageFile image mode=RGB size=64x64 at 0x17A44E12260>}, {'image_id': 8, 'label': 3, 'image': <PIL.PngImagePlugin.PngImageFile image mode=RGB size=64x64 at 0x17A44E122C0>}, {'image_id': 9, 'label': 2, 'image': <PIL.PngImagePlugin.PngImageFile image mode=RGB size=64x64 at 0x17A44E12200>}, {'image_id': 10, 'label': 4, 'image': <PIL.PngImagePlugin.PngImageFile image mode=RGB size=64x64 at 0x17A44E12380>}, {'image_id': 1, 'label': 4, 'image': <PIL.PngImagePlugin.PngImageFile image mode=RGB size=64x64 at 0x17A44E123E0>}, {'image_id': 2, 'label': 1, 'image': <PIL.PngImagePlugin.PngImageFile image mode=RGB size=64x64 at 0x17A44E12440>}, {'image_id': 3, 'label': 1, 'image': <PIL.PngImagePlugin.PngImageFile image mode=RGB size=64x64 at 0x17A44E12290>}, {'image_id': 4, 'label': 2, 'image': <PIL.PngImagePlugin.PngImageFile image mode=RGB size=64x64 at 0x17A44E124A0>}, {'image_id': 5, 'label': 3, 'image': <PIL.PngImagePlugin.PngImageFile image mode=RGB size=64x64 at 0x17A44E12500>}, {'image_id': 6, 'label': 4, 'image': <PIL.PngImagePlugin.PngImageFile image mode=RGB size=64x64 at 0x17A44E12560>}, {'image_id': 7, 'label': 2, 'image': <PIL.PngImagePlugin.PngImageFile image mode=RGB size=64x64 at 0x17A44E125C0>}, {'image_id': 8, 'label': 3, 'image': <PIL.PngImagePlugin.PngImageFile image mode=RGB size=64x64 at 0x17A44E12620>}, {'image_id': 9, 'label': 2, 'image': <PIL.PngImagePlugin.PngImageFile image mode=RGB size=64x64 at 0x17A44E12680>}, {'image_id': 10, 'label': 4, 'image': <PIL.PngImagePlugin.PngImageFile image mode=RGB size=64x64 at 0x17A44E126E0>}]
DEBUG:root:This is dataset: <_ShuffleDataset element_spec=(TensorSpec(shape=(32, 32, 3), dtype=tf.float32, name=None), TensorSpec(shape=(), dtype=tf.int64, name=None))>
DEBUG:h5py._conv:Creating converter from 3 to 5
WARNING:absl:Compiled the loaded model, but the compiled metrics have yet to be built. `model.compile_metrics` will be empty until you train or evaluate the model.
WARNING:absl:Error in loading the saved optimizer state. As a result, your model is starting with a freshly initialized optimizer.
WARNING:absl:You are saving your model as an HDF5 file via `model.save()` or `keras.saving.save_model(model)`. This file format is considered legacy. We recommend using instead the native Keras format, e.g. `model.save('my_model.keras')` or `keras.saving.save_model(model, 'my_model.keras')`. 
DEBUG:h5py._conv:Creating converter from 5 to 3
INFO:werkzeug:127.0.0.1 - - [17/Mar/2024 15:54:07] "POST /train?user_id=khangxlei&data_id=cifar10 HTTP/1.1" 200 -
DEBUG:PIL.PngImagePlugin:STREAM b'IHDR' 16 13
DEBUG:PIL.PngImagePlugin:STREAM b'IDAT' 41 6099
DEBUG:PIL.PngImagePlugin:STREAM b'IHDR' 16 13
DEBUG:PIL.PngImagePlugin:STREAM b'IDAT' 41 6412
DEBUG:PIL.PngImagePlugin:STREAM b'IHDR' 16 13
DEBUG:PIL.PngImagePlugin:STREAM b'IDAT' 41 6897
DEBUG:PIL.PngImagePlugin:STREAM b'IHDR' 16 13
DEBUG:PIL.PngImagePlugin:STREAM b'IDAT' 41 7026
DEBUG:PIL.PngImagePlugin:STREAM b'IHDR' 16 13
DEBUG:PIL.PngImagePlugin:STREAM b'IDAT' 41 5516
DEBUG:PIL.PngImagePlugin:STREAM b'IHDR' 16 13
DEBUG:PIL.PngImagePlugin:STREAM b'IDAT' 41 5092
DEBUG:PIL.PngImagePlugin:STREAM b'IHDR' 16 13
DEBUG:PIL.PngImagePlugin:STREAM b'IDAT' 41 5241
DEBUG:PIL.PngImagePlugin:STREAM b'IHDR' 16 13
DEBUG:PIL.PngImagePlugin:STREAM b'IDAT' 41 5787
DEBUG:PIL.PngImagePlugin:STREAM b'IHDR' 16 13
DEBUG:PIL.PngImagePlugin:STREAM b'IDAT' 41 5688
DEBUG:PIL.PngImagePlugin:STREAM b'IHDR' 16 13
DEBUG:PIL.PngImagePlugin:STREAM b'IDAT' 41 5723
DEBUG:root:this is images.shape:(10, 32, 32, 3)
DEBUG:root:This is dataset size: 10
DEBUG:root:Completed preprocessing
DEBUG:root:train_size: 8
DEBUG:root:test_size: 2
DEBUG:root:This is train_dataset_size: 8
DEBUG:root:This is test_dataset_size: 2
DEBUG:root:Completed train test split
DEBUG:root:X_train.shape: (8, 32, 32, 3)
DEBUG:root:X_test.shape: (2, 32, 32, 3)
DEBUG:root:y_train.shape: (8,)
DEBUG:root:y_test.shape: (2,)
DEBUG:root:This is data_dict: [{'image_id': 1, 'label': 4, 'image': <PIL.PngImagePlugin.PngImageFile image mode=RGB size=64x64 at 0x1C9F9DCD240>}, {'image_id': 2, 'label': 1, 'image': <PIL.PngImagePlugin.PngImageFile image mode=RGB size=64x64 at 0x1C9F9E70D30>}, {'image_id': 3, 'label': 1, 'image': <PIL.PngImagePlugin.PngImageFile image mode=RGB size=64x64 at 0x1C9F9E70D60>}, {'image_id': 4, 'label': 2, 'image': <PIL.PngImagePlugin.PngImageFile image mode=RGB size=64x64 at 0x1C9F9E71360>}, {'image_id': 5, 'label': 3, 'image': <PIL.PngImagePlugin.PngImageFile image mode=RGB size=64x64 at 0x1C9F9E71BA0>}, {'image_id': 6, 'label': 4, 'image': <PIL.PngImagePlugin.PngImageFile image mode=RGB size=64x64 at 0x1C9F9E72470>}, {'image_id': 7, 'label': 2, 'image': <PIL.PngImagePlugin.PngImageFile image mode=RGB size=64x64 at 0x1C9F9E724D0>}, {'image_id': 8, 'label': 3, 'image': <PIL.PngImagePlugin.PngImageFile image mode=RGB size=64x64 at 0x1C9F9E72530>}, {'image_id': 9, 'label': 2, 'image': <PIL.PngImagePlugin.PngImageFile image mode=RGB size=64x64 at 0x1C9F9E72590>}, {'image_id': 10, 'label': 4, 'image': <PIL.PngImagePlugin.PngImageFile image mode=RGB size=64x64 at 0x1C9F9E725F0>}]
DEBUG:root:This is dataset: <_ShuffleDataset element_spec=(TensorSpec(shape=(32, 32, 3), dtype=tf.float32, name=None), TensorSpec(shape=(), dtype=tf.int64, name=None))>
DEBUG:h5py._conv:Creating converter from 3 to 5
WARNING:absl:Compiled the loaded model, but the compiled metrics have yet to be built. `model.compile_metrics` will be empty until you train or evaluate the model.
WARNING:absl:Error in loading the saved optimizer state. As a result, your model is starting with a freshly initialized optimizer.
WARNING:absl:You are saving your model as an HDF5 file via `model.save()` or `keras.saving.save_model(model)`. This file format is considered legacy. We recommend using instead the native Keras format, e.g. `model.save('my_model.keras')` or `keras.saving.save_model(model, 'my_model.keras')`. 
DEBUG:h5py._conv:Creating converter from 5 to 3
INFO:werkzeug:127.0.0.1 - - [18/Mar/2024 11:59:31] "POST /train?user_id=khangxlei&data_id=cifar10 HTTP/1.1" 200 -
INFO:werkzeug: * Detected change in 'C:\\Users\\khang\\OneDrive\\Desktop\\SCHOOL\\SPRING_senior_2024\\EC530\\project_2\\tests\\train_test.py', reloading
DEBUG:PIL.PngImagePlugin:STREAM b'IHDR' 16 13
DEBUG:PIL.PngImagePlugin:STREAM b'IDAT' 41 6099
DEBUG:PIL.PngImagePlugin:STREAM b'IHDR' 16 13
DEBUG:PIL.PngImagePlugin:STREAM b'IDAT' 41 6412
DEBUG:PIL.PngImagePlugin:STREAM b'IHDR' 16 13
DEBUG:PIL.PngImagePlugin:STREAM b'IDAT' 41 6897
DEBUG:PIL.PngImagePlugin:STREAM b'IHDR' 16 13
DEBUG:PIL.PngImagePlugin:STREAM b'IDAT' 41 7026
DEBUG:PIL.PngImagePlugin:STREAM b'IHDR' 16 13
DEBUG:PIL.PngImagePlugin:STREAM b'IDAT' 41 5516
DEBUG:PIL.PngImagePlugin:STREAM b'IHDR' 16 13
DEBUG:PIL.PngImagePlugin:STREAM b'IDAT' 41 5092
DEBUG:PIL.PngImagePlugin:STREAM b'IHDR' 16 13
DEBUG:PIL.PngImagePlugin:STREAM b'IDAT' 41 5241
DEBUG:PIL.PngImagePlugin:STREAM b'IHDR' 16 13
DEBUG:PIL.PngImagePlugin:STREAM b'IDAT' 41 5787
DEBUG:PIL.PngImagePlugin:STREAM b'IHDR' 16 13
DEBUG:PIL.PngImagePlugin:STREAM b'IDAT' 41 5688
DEBUG:PIL.PngImagePlugin:STREAM b'IHDR' 16 13
DEBUG:PIL.PngImagePlugin:STREAM b'IDAT' 41 5723
DEBUG:root:this is images.shape:(10, 32, 32, 3)
DEBUG:root:This is dataset size: 10
DEBUG:root:Completed preprocessing
DEBUG:root:train_size: 8
DEBUG:root:test_size: 2
DEBUG:root:This is train_dataset_size: 8
DEBUG:root:This is test_dataset_size: 2
DEBUG:root:Completed train test split
DEBUG:root:X_train.shape: (8, 32, 32, 3)
DEBUG:root:X_test.shape: (2, 32, 32, 3)
DEBUG:root:y_train.shape: (8,)
DEBUG:root:y_test.shape: (2,)
DEBUG:root:This is data_dict: [{'image_id': 11, 'label': 4, 'image': <PIL.PngImagePlugin.PngImageFile image mode=RGB size=64x64 at 0x215722CC580>}, {'image_id': 12, 'label': 1, 'image': <PIL.PngImagePlugin.PngImageFile image mode=RGB size=64x64 at 0x215723107F0>}, {'image_id': 13, 'label': 1, 'image': <PIL.PngImagePlugin.PngImageFile image mode=RGB size=64x64 at 0x21572310820>}, {'image_id': 14, 'label': 2, 'image': <PIL.PngImagePlugin.PngImageFile image mode=RGB size=64x64 at 0x21572310E20>}, {'image_id': 15, 'label': 3, 'image': <PIL.PngImagePlugin.PngImageFile image mode=RGB size=64x64 at 0x21572311F60>}, {'image_id': 16, 'label': 4, 'image': <PIL.PngImagePlugin.PngImageFile image mode=RGB size=64x64 at 0x21572311F00>}, {'image_id': 17, 'label': 2, 'image': <PIL.PngImagePlugin.PngImageFile image mode=RGB size=64x64 at 0x21572312020>}, {'image_id': 18, 'label': 3, 'image': <PIL.PngImagePlugin.PngImageFile image mode=RGB size=64x64 at 0x21572312080>}, {'image_id': 19, 'label': 2, 'image': <PIL.PngImagePlugin.PngImageFile image mode=RGB size=64x64 at 0x215723120E0>}, {'image_id': 20, 'label': 4, 'image': <PIL.PngImagePlugin.PngImageFile image mode=RGB size=64x64 at 0x215723115D0>}]
DEBUG:root:This is dataset: <_ShuffleDataset element_spec=(TensorSpec(shape=(32, 32, 3), dtype=tf.float32, name=None), TensorSpec(shape=(), dtype=tf.int64, name=None))>
DEBUG:h5py._conv:Creating converter from 3 to 5
WARNING:absl:Compiled the loaded model, but the compiled metrics have yet to be built. `model.compile_metrics` will be empty until you train or evaluate the model.
WARNING:absl:Error in loading the saved optimizer state. As a result, your model is starting with a freshly initialized optimizer.
WARNING:absl:You are saving your model as an HDF5 file via `model.save()` or `keras.saving.save_model(model)`. This file format is considered legacy. We recommend using instead the native Keras format, e.g. `model.save('my_model.keras')` or `keras.saving.save_model(model, 'my_model.keras')`. 
DEBUG:h5py._conv:Creating converter from 5 to 3
INFO:werkzeug:127.0.0.1 - - [18/Mar/2024 12:00:25] "POST /train?user_id=khang&data_id=cifar10v2 HTTP/1.1" 200 -
INFO:werkzeug: * Detected change in 'C:\\Users\\khang\\OneDrive\\Desktop\\SCHOOL\\SPRING_senior_2024\\EC530\\project_2\\tests\\train_test.py', reloading
DEBUG:PIL.PngImagePlugin:STREAM b'IHDR' 16 13
DEBUG:PIL.PngImagePlugin:STREAM b'IDAT' 41 6099
DEBUG:PIL.PngImagePlugin:STREAM b'IHDR' 16 13
DEBUG:PIL.PngImagePlugin:STREAM b'IDAT' 41 6412
DEBUG:PIL.PngImagePlugin:STREAM b'IHDR' 16 13
DEBUG:PIL.PngImagePlugin:STREAM b'IDAT' 41 6897
DEBUG:PIL.PngImagePlugin:STREAM b'IHDR' 16 13
DEBUG:PIL.PngImagePlugin:STREAM b'IDAT' 41 7026
DEBUG:PIL.PngImagePlugin:STREAM b'IHDR' 16 13
DEBUG:PIL.PngImagePlugin:STREAM b'IDAT' 41 5516
DEBUG:PIL.PngImagePlugin:STREAM b'IHDR' 16 13
DEBUG:PIL.PngImagePlugin:STREAM b'IDAT' 41 5092
DEBUG:PIL.PngImagePlugin:STREAM b'IHDR' 16 13
DEBUG:PIL.PngImagePlugin:STREAM b'IDAT' 41 5241
DEBUG:PIL.PngImagePlugin:STREAM b'IHDR' 16 13
DEBUG:PIL.PngImagePlugin:STREAM b'IDAT' 41 5787
DEBUG:PIL.PngImagePlugin:STREAM b'IHDR' 16 13
DEBUG:PIL.PngImagePlugin:STREAM b'IDAT' 41 5688
DEBUG:PIL.PngImagePlugin:STREAM b'IHDR' 16 13
DEBUG:PIL.PngImagePlugin:STREAM b'IDAT' 41 5723
DEBUG:root:this is images.shape:(10, 32, 32, 3)
DEBUG:root:This is dataset size: 10
DEBUG:root:Completed preprocessing
DEBUG:root:train_size: 8
DEBUG:root:test_size: 2
DEBUG:root:This is train_dataset_size: 8
DEBUG:root:This is test_dataset_size: 2
DEBUG:root:Completed train test split
DEBUG:root:X_train.shape: (8, 32, 32, 3)
DEBUG:root:X_test.shape: (2, 32, 32, 3)
DEBUG:root:y_train.shape: (8,)
DEBUG:root:y_test.shape: (2,)
DEBUG:root:This is data_dict: [{'image_id': 21, 'label': 4, 'image': <PIL.PngImagePlugin.PngImageFile image mode=RGB size=64x64 at 0x1ED259C85E0>}, {'image_id': 22, 'label': 1, 'image': <PIL.PngImagePlugin.PngImageFile image mode=RGB size=64x64 at 0x1ED25C10820>}, {'image_id': 23, 'label': 1, 'image': <PIL.PngImagePlugin.PngImageFile image mode=RGB size=64x64 at 0x1ED25C10850>}, {'image_id': 24, 'label': 2, 'image': <PIL.PngImagePlugin.PngImageFile image mode=RGB size=64x64 at 0x1ED25C10E50>}, {'image_id': 25, 'label': 3, 'image': <PIL.PngImagePlugin.PngImageFile image mode=RGB size=64x64 at 0x1ED25C11F90>}, {'image_id': 26, 'label': 4, 'image': <PIL.PngImagePlugin.PngImageFile image mode=RGB size=64x64 at 0x1ED25C11F30>}, {'image_id': 27, 'label': 2, 'image': <PIL.PngImagePlugin.PngImageFile image mode=RGB size=64x64 at 0x1ED25C12050>}, {'image_id': 28, 'label': 3, 'image': <PIL.PngImagePlugin.PngImageFile image mode=RGB size=64x64 at 0x1ED25C120B0>}, {'image_id': 29, 'label': 2, 'image': <PIL.PngImagePlugin.PngImageFile image mode=RGB size=64x64 at 0x1ED25C12110>}, {'image_id': 30, 'label': 4, 'image': <PIL.PngImagePlugin.PngImageFile image mode=RGB size=64x64 at 0x1ED25C11600>}]
DEBUG:root:This is dataset: <_ShuffleDataset element_spec=(TensorSpec(shape=(32, 32, 3), dtype=tf.float32, name=None), TensorSpec(shape=(), dtype=tf.int64, name=None))>
DEBUG:h5py._conv:Creating converter from 3 to 5
WARNING:absl:Compiled the loaded model, but the compiled metrics have yet to be built. `model.compile_metrics` will be empty until you train or evaluate the model.
WARNING:absl:Error in loading the saved optimizer state. As a result, your model is starting with a freshly initialized optimizer.
WARNING:absl:You are saving your model as an HDF5 file via `model.save()` or `keras.saving.save_model(model)`. This file format is considered legacy. We recommend using instead the native Keras format, e.g. `model.save('my_model.keras')` or `keras.saving.save_model(model, 'my_model.keras')`. 
DEBUG:h5py._conv:Creating converter from 5 to 3
INFO:werkzeug:127.0.0.1 - - [18/Mar/2024 12:01:38] "POST /train?user_id=khangle&data_id=cifar10v3 HTTP/1.1" 200 -
INFO:werkzeug: * Detected change in 'C:\\Users\\khang\\OneDrive\\Desktop\\SCHOOL\\SPRING_senior_2024\\EC530\\project_2\\tests\\train_test.py', reloading
