WARNING:werkzeug: * Debugger is active!
INFO:werkzeug: * Debugger PIN: 103-158-487
INFO:werkzeug: * Detected change in 'C:\\Users\\khang\\OneDrive\\Desktop\\SCHOOL\\SPRING_senior_2024\\EC530\\project_2\\modules\\upload_images.py', reloading
WARNING:werkzeug: * Debugger is active!
INFO:werkzeug: * Debugger PIN: 103-158-487
INFO:werkzeug: * Detected change in 'C:\\Users\\khang\\OneDrive\\Desktop\\SCHOOL\\SPRING_senior_2024\\EC530\\project_2\\modules\\upload_images.py', reloading
WARNING:werkzeug: * Debugger is active!
INFO:werkzeug: * Debugger PIN: 103-158-487
INFO:werkzeug: * Detected change in 'C:\\Users\\khang\\OneDrive\\Desktop\\SCHOOL\\SPRING_senior_2024\\EC530\\project_2\\modules\\upload_labels.py', reloading
WARNING:werkzeug: * Debugger is active!
INFO:werkzeug: * Debugger PIN: 103-158-487
INFO:werkzeug: * Detected change in 'C:\\Users\\khang\\OneDrive\\Desktop\\SCHOOL\\SPRING_senior_2024\\EC530\\project_2\\modules\\upload_labels.py', reloading
WARNING:werkzeug: * Debugger is active!
INFO:werkzeug: * Debugger PIN: 103-158-487
INFO:werkzeug: * Detected change in 'C:\\Users\\khang\\OneDrive\\Desktop\\SCHOOL\\SPRING_senior_2024\\EC530\\project_2\\modules\\upload_labels.py', reloading
DEBUG:tensorflow:Falling back to TensorFlow client; we recommended you install the Cloud TPU client directly with pip install cloud-tpu-client.
DEBUG:h5py._conv:Creating converter from 7 to 5
DEBUG:h5py._conv:Creating converter from 5 to 7
DEBUG:h5py._conv:Creating converter from 7 to 5
DEBUG:h5py._conv:Creating converter from 5 to 7
WARNING:werkzeug: * Debugger is active!
INFO:werkzeug: * Debugger PIN: 103-158-487
DEBUG:tensorflow:Falling back to TensorFlow client; we recommended you install the Cloud TPU client directly with pip install cloud-tpu-client.
DEBUG:h5py._conv:Creating converter from 7 to 5
DEBUG:h5py._conv:Creating converter from 5 to 7
DEBUG:h5py._conv:Creating converter from 7 to 5
DEBUG:h5py._conv:Creating converter from 5 to 7
INFO:werkzeug:[31m[1mWARNING: This is a development server. Do not use it in a production deployment. Use a production WSGI server instead.[0m
 * Running on http://127.0.0.1:5000
INFO:werkzeug:[33mPress CTRL+C to quit[0m
INFO:werkzeug: * Restarting with stat
DEBUG:tensorflow:Falling back to TensorFlow client; we recommended you install the Cloud TPU client directly with pip install cloud-tpu-client.
DEBUG:h5py._conv:Creating converter from 7 to 5
DEBUG:h5py._conv:Creating converter from 5 to 7
DEBUG:h5py._conv:Creating converter from 7 to 5
DEBUG:h5py._conv:Creating converter from 5 to 7
WARNING:werkzeug: * Debugger is active!
INFO:werkzeug: * Debugger PIN: 103-158-487
INFO:werkzeug: * Detected change in 'C:\\Users\\khang\\OneDrive\\Desktop\\SCHOOL\\SPRING_senior_2024\\EC530\\project_2\\profiling\\stats_profiling.py', reloading
INFO:werkzeug: * Restarting with stat
DEBUG:tensorflow:Falling back to TensorFlow client; we recommended you install the Cloud TPU client directly with pip install cloud-tpu-client.
DEBUG:h5py._conv:Creating converter from 7 to 5
DEBUG:h5py._conv:Creating converter from 5 to 7
DEBUG:h5py._conv:Creating converter from 7 to 5
DEBUG:h5py._conv:Creating converter from 5 to 7
WARNING:werkzeug: * Debugger is active!
INFO:werkzeug: * Debugger PIN: 103-158-487
INFO:werkzeug: * Detected change in 'C:\\Users\\khang\\OneDrive\\Desktop\\SCHOOL\\SPRING_senior_2024\\EC530\\project_2\\tests\\inference_test.py', reloading
INFO:werkzeug: * Restarting with stat
DEBUG:tensorflow:Falling back to TensorFlow client; we recommended you install the Cloud TPU client directly with pip install cloud-tpu-client.
DEBUG:h5py._conv:Creating converter from 7 to 5
DEBUG:h5py._conv:Creating converter from 5 to 7
DEBUG:h5py._conv:Creating converter from 7 to 5
DEBUG:h5py._conv:Creating converter from 5 to 7
WARNING:werkzeug: * Debugger is active!
INFO:werkzeug: * Debugger PIN: 103-158-487
INFO:werkzeug: * Detected change in 'C:\\Users\\khang\\OneDrive\\Desktop\\SCHOOL\\SPRING_senior_2024\\EC530\\project_2\\tests\\train_test.py', reloading
INFO:werkzeug: * Restarting with stat
DEBUG:tensorflow:Falling back to TensorFlow client; we recommended you install the Cloud TPU client directly with pip install cloud-tpu-client.
DEBUG:h5py._conv:Creating converter from 7 to 5
DEBUG:h5py._conv:Creating converter from 5 to 7
DEBUG:h5py._conv:Creating converter from 7 to 5
DEBUG:h5py._conv:Creating converter from 5 to 7
WARNING:werkzeug: * Debugger is active!
INFO:werkzeug: * Debugger PIN: 103-158-487
INFO:werkzeug: * Detected change in 'C:\\Users\\khang\\OneDrive\\Desktop\\SCHOOL\\SPRING_senior_2024\\EC530\\project_2\\profiling\\stats_profiling.py', reloading
INFO:werkzeug: * Restarting with stat
DEBUG:tensorflow:Falling back to TensorFlow client; we recommended you install the Cloud TPU client directly with pip install cloud-tpu-client.
DEBUG:h5py._conv:Creating converter from 7 to 5
DEBUG:h5py._conv:Creating converter from 5 to 7
DEBUG:h5py._conv:Creating converter from 7 to 5
DEBUG:h5py._conv:Creating converter from 5 to 7
WARNING:werkzeug: * Debugger is active!
INFO:werkzeug: * Debugger PIN: 103-158-487
INFO:werkzeug: * Detected change in 'C:\\Users\\khang\\OneDrive\\Desktop\\SCHOOL\\SPRING_senior_2024\\EC530\\project_2\\profiling\\stats_profiling.py', reloading
INFO:werkzeug: * Restarting with stat
DEBUG:tensorflow:Falling back to TensorFlow client; we recommended you install the Cloud TPU client directly with pip install cloud-tpu-client.
DEBUG:h5py._conv:Creating converter from 7 to 5
DEBUG:h5py._conv:Creating converter from 5 to 7
DEBUG:h5py._conv:Creating converter from 7 to 5
DEBUG:h5py._conv:Creating converter from 5 to 7
WARNING:werkzeug: * Debugger is active!
INFO:werkzeug: * Debugger PIN: 103-158-487
INFO:werkzeug: * Detected change in 'C:\\Users\\khang\\OneDrive\\Desktop\\SCHOOL\\SPRING_senior_2024\\EC530\\project_2\\profiling\\stats_profiling.py', reloading
INFO:werkzeug: * Restarting with stat
DEBUG:tensorflow:Falling back to TensorFlow client; we recommended you install the Cloud TPU client directly with pip install cloud-tpu-client.
DEBUG:h5py._conv:Creating converter from 7 to 5
DEBUG:h5py._conv:Creating converter from 5 to 7
DEBUG:h5py._conv:Creating converter from 7 to 5
DEBUG:h5py._conv:Creating converter from 5 to 7
WARNING:werkzeug: * Debugger is active!
INFO:werkzeug: * Debugger PIN: 103-158-487
INFO:werkzeug: * Detected change in 'C:\\Users\\khang\\OneDrive\\Desktop\\SCHOOL\\SPRING_senior_2024\\EC530\\project_2\\profiling\\stats_profiling.py', reloading
INFO:werkzeug: * Restarting with stat
DEBUG:tensorflow:Falling back to TensorFlow client; we recommended you install the Cloud TPU client directly with pip install cloud-tpu-client.
DEBUG:h5py._conv:Creating converter from 7 to 5
DEBUG:h5py._conv:Creating converter from 5 to 7
DEBUG:h5py._conv:Creating converter from 7 to 5
DEBUG:h5py._conv:Creating converter from 5 to 7
WARNING:werkzeug: * Debugger is active!
INFO:werkzeug: * Debugger PIN: 103-158-487
INFO:werkzeug: * Detected change in 'C:\\Users\\khang\\OneDrive\\Desktop\\SCHOOL\\SPRING_senior_2024\\EC530\\project_2\\profiling\\stats_profiling.py', reloading
INFO:werkzeug: * Restarting with stat
DEBUG:tensorflow:Falling back to TensorFlow client; we recommended you install the Cloud TPU client directly with pip install cloud-tpu-client.
DEBUG:h5py._conv:Creating converter from 7 to 5
DEBUG:h5py._conv:Creating converter from 5 to 7
DEBUG:h5py._conv:Creating converter from 7 to 5
DEBUG:h5py._conv:Creating converter from 5 to 7
WARNING:werkzeug: * Debugger is active!
INFO:werkzeug: * Debugger PIN: 103-158-487
INFO:werkzeug:127.0.0.1 - - [18/Mar/2024 12:35:36] "POST /upload_image?user_id=khangxlei&data_id=cifar10 HTTP/1.1" 200 -
INFO:werkzeug:127.0.0.1 - - [18/Mar/2024 12:35:36] "POST /upload_image?user_id=khangxlei&data_id=cifar10 HTTP/1.1" 200 -
INFO:werkzeug:127.0.0.1 - - [18/Mar/2024 12:35:36] "POST /upload_image?user_id=khangxlei&data_id=cifar10 HTTP/1.1" 200 -
INFO:werkzeug:127.0.0.1 - - [18/Mar/2024 12:35:36] "POST /upload_image?user_id=khangxlei&data_id=cifar10 HTTP/1.1" 200 -
INFO:werkzeug:127.0.0.1 - - [18/Mar/2024 12:35:36] "POST /upload_image?user_id=khangxlei&data_id=cifar10 HTTP/1.1" 200 -
INFO:werkzeug:127.0.0.1 - - [18/Mar/2024 12:35:36] "POST /upload_image?user_id=khangxlei&data_id=cifar10 HTTP/1.1" 200 -
INFO:werkzeug:127.0.0.1 - - [18/Mar/2024 12:35:36] "POST /upload_image?user_id=khangxlei&data_id=cifar10 HTTP/1.1" 200 -
INFO:werkzeug:127.0.0.1 - - [18/Mar/2024 12:35:36] "POST /upload_image?user_id=khangxlei&data_id=cifar10 HTTP/1.1" 200 -
INFO:werkzeug:127.0.0.1 - - [18/Mar/2024 12:35:36] "POST /upload_image?user_id=khangxlei&data_id=cifar10 HTTP/1.1" 200 -
INFO:werkzeug:127.0.0.1 - - [18/Mar/2024 12:35:36] "POST /upload_image?user_id=khangxlei&data_id=cifar10 HTTP/1.1" 200 -
INFO:werkzeug:127.0.0.1 - - [18/Mar/2024 12:35:36] "POST /upload_image?user_id=khang&data_id=cifar10v2 HTTP/1.1" 200 -
INFO:werkzeug:127.0.0.1 - - [18/Mar/2024 12:35:36] "POST /upload_image?user_id=khang&data_id=cifar10v2 HTTP/1.1" 200 -
INFO:werkzeug:127.0.0.1 - - [18/Mar/2024 12:35:36] "POST /upload_image?user_id=khang&data_id=cifar10v2 HTTP/1.1" 200 -
INFO:werkzeug:127.0.0.1 - - [18/Mar/2024 12:35:36] "POST /upload_image?user_id=khang&data_id=cifar10v2 HTTP/1.1" 200 -
INFO:werkzeug:127.0.0.1 - - [18/Mar/2024 12:35:36] "POST /upload_image?user_id=khang&data_id=cifar10v2 HTTP/1.1" 200 -
INFO:werkzeug:127.0.0.1 - - [18/Mar/2024 12:35:36] "POST /upload_image?user_id=khang&data_id=cifar10v2 HTTP/1.1" 200 -
INFO:werkzeug:127.0.0.1 - - [18/Mar/2024 12:35:36] "POST /upload_image?user_id=khang&data_id=cifar10v2 HTTP/1.1" 200 -
INFO:werkzeug:127.0.0.1 - - [18/Mar/2024 12:35:36] "POST /upload_image?user_id=khang&data_id=cifar10v2 HTTP/1.1" 200 -
INFO:werkzeug:127.0.0.1 - - [18/Mar/2024 12:35:36] "POST /upload_image?user_id=khang&data_id=cifar10v2 HTTP/1.1" 200 -
INFO:werkzeug:127.0.0.1 - - [18/Mar/2024 12:35:36] "POST /upload_image?user_id=khang&data_id=cifar10v2 HTTP/1.1" 200 -
INFO:werkzeug:127.0.0.1 - - [18/Mar/2024 12:35:36] "POST /upload_image?user_id=khangle&data_id=cifar10v3 HTTP/1.1" 200 -
INFO:werkzeug:127.0.0.1 - - [18/Mar/2024 12:35:36] "POST /upload_image?user_id=khangle&data_id=cifar10v3 HTTP/1.1" 200 -
INFO:werkzeug:127.0.0.1 - - [18/Mar/2024 12:35:36] "POST /upload_image?user_id=khangle&data_id=cifar10v3 HTTP/1.1" 200 -
INFO:werkzeug:127.0.0.1 - - [18/Mar/2024 12:35:36] "POST /upload_image?user_id=khangle&data_id=cifar10v3 HTTP/1.1" 200 -
INFO:werkzeug:127.0.0.1 - - [18/Mar/2024 12:35:36] "POST /upload_image?user_id=khangle&data_id=cifar10v3 HTTP/1.1" 200 -
INFO:werkzeug:127.0.0.1 - - [18/Mar/2024 12:35:36] "POST /upload_image?user_id=khangle&data_id=cifar10v3 HTTP/1.1" 200 -
INFO:werkzeug:127.0.0.1 - - [18/Mar/2024 12:35:36] "POST /upload_image?user_id=khangle&data_id=cifar10v3 HTTP/1.1" 200 -
INFO:werkzeug:127.0.0.1 - - [18/Mar/2024 12:35:36] "POST /upload_image?user_id=khangle&data_id=cifar10v3 HTTP/1.1" 200 -
INFO:werkzeug:127.0.0.1 - - [18/Mar/2024 12:35:36] "POST /upload_image?user_id=khangle&data_id=cifar10v3 HTTP/1.1" 200 -
INFO:werkzeug:127.0.0.1 - - [18/Mar/2024 12:35:36] "POST /upload_image?user_id=khangle&data_id=cifar10v3 HTTP/1.1" 200 -
INFO:werkzeug:127.0.0.1 - - [18/Mar/2024 12:35:36] "[35m[1mPOST /upload_labels?user_id=khangxlei&data_id=cifar10 HTTP/1.1[0m" 500 -
INFO:werkzeug: * Detected change in 'C:\\Users\\khang\\OneDrive\\Desktop\\SCHOOL\\SPRING_senior_2024\\EC530\\project_2\\modules\\upload_labels.py', reloading
INFO:werkzeug: * Restarting with stat
DEBUG:tensorflow:Falling back to TensorFlow client; we recommended you install the Cloud TPU client directly with pip install cloud-tpu-client.
DEBUG:h5py._conv:Creating converter from 7 to 5
DEBUG:h5py._conv:Creating converter from 5 to 7
DEBUG:h5py._conv:Creating converter from 7 to 5
DEBUG:h5py._conv:Creating converter from 5 to 7
WARNING:werkzeug: * Debugger is active!
INFO:werkzeug: * Debugger PIN: 103-158-487
INFO:werkzeug:127.0.0.1 - - [18/Mar/2024 12:36:38] "POST /upload_image?user_id=khangxlei&data_id=cifar10 HTTP/1.1" 200 -
INFO:werkzeug:127.0.0.1 - - [18/Mar/2024 12:36:38] "POST /upload_image?user_id=khangxlei&data_id=cifar10 HTTP/1.1" 200 -
INFO:werkzeug:127.0.0.1 - - [18/Mar/2024 12:36:38] "POST /upload_image?user_id=khangxlei&data_id=cifar10 HTTP/1.1" 200 -
INFO:werkzeug:127.0.0.1 - - [18/Mar/2024 12:36:38] "POST /upload_image?user_id=khangxlei&data_id=cifar10 HTTP/1.1" 200 -
INFO:werkzeug:127.0.0.1 - - [18/Mar/2024 12:36:38] "POST /upload_image?user_id=khangxlei&data_id=cifar10 HTTP/1.1" 200 -
INFO:werkzeug:127.0.0.1 - - [18/Mar/2024 12:36:38] "POST /upload_image?user_id=khangxlei&data_id=cifar10 HTTP/1.1" 200 -
INFO:werkzeug:127.0.0.1 - - [18/Mar/2024 12:36:38] "POST /upload_image?user_id=khangxlei&data_id=cifar10 HTTP/1.1" 200 -
INFO:werkzeug:127.0.0.1 - - [18/Mar/2024 12:36:38] "POST /upload_image?user_id=khangxlei&data_id=cifar10 HTTP/1.1" 200 -
INFO:werkzeug:127.0.0.1 - - [18/Mar/2024 12:36:38] "POST /upload_image?user_id=khangxlei&data_id=cifar10 HTTP/1.1" 200 -
INFO:werkzeug:127.0.0.1 - - [18/Mar/2024 12:36:38] "POST /upload_image?user_id=khangxlei&data_id=cifar10 HTTP/1.1" 200 -
INFO:werkzeug:127.0.0.1 - - [18/Mar/2024 12:36:38] "POST /upload_image?user_id=khang&data_id=cifar10v2 HTTP/1.1" 200 -
INFO:werkzeug:127.0.0.1 - - [18/Mar/2024 12:36:38] "POST /upload_image?user_id=khang&data_id=cifar10v2 HTTP/1.1" 200 -
INFO:werkzeug:127.0.0.1 - - [18/Mar/2024 12:36:38] "POST /upload_image?user_id=khang&data_id=cifar10v2 HTTP/1.1" 200 -
INFO:werkzeug:127.0.0.1 - - [18/Mar/2024 12:36:38] "POST /upload_image?user_id=khang&data_id=cifar10v2 HTTP/1.1" 200 -
INFO:werkzeug:127.0.0.1 - - [18/Mar/2024 12:36:38] "POST /upload_image?user_id=khang&data_id=cifar10v2 HTTP/1.1" 200 -
INFO:werkzeug:127.0.0.1 - - [18/Mar/2024 12:36:38] "POST /upload_image?user_id=khang&data_id=cifar10v2 HTTP/1.1" 200 -
INFO:werkzeug:127.0.0.1 - - [18/Mar/2024 12:36:38] "POST /upload_image?user_id=khang&data_id=cifar10v2 HTTP/1.1" 200 -
INFO:werkzeug:127.0.0.1 - - [18/Mar/2024 12:36:38] "POST /upload_image?user_id=khang&data_id=cifar10v2 HTTP/1.1" 200 -
INFO:werkzeug:127.0.0.1 - - [18/Mar/2024 12:36:38] "POST /upload_image?user_id=khang&data_id=cifar10v2 HTTP/1.1" 200 -
INFO:werkzeug:127.0.0.1 - - [18/Mar/2024 12:36:38] "POST /upload_image?user_id=khang&data_id=cifar10v2 HTTP/1.1" 200 -
INFO:werkzeug:127.0.0.1 - - [18/Mar/2024 12:36:38] "POST /upload_image?user_id=khangle&data_id=cifar10v3 HTTP/1.1" 200 -
INFO:werkzeug:127.0.0.1 - - [18/Mar/2024 12:36:38] "POST /upload_image?user_id=khangle&data_id=cifar10v3 HTTP/1.1" 200 -
INFO:werkzeug:127.0.0.1 - - [18/Mar/2024 12:36:38] "POST /upload_image?user_id=khangle&data_id=cifar10v3 HTTP/1.1" 200 -
INFO:werkzeug:127.0.0.1 - - [18/Mar/2024 12:36:38] "POST /upload_image?user_id=khangle&data_id=cifar10v3 HTTP/1.1" 200 -
INFO:werkzeug:127.0.0.1 - - [18/Mar/2024 12:36:38] "POST /upload_image?user_id=khangle&data_id=cifar10v3 HTTP/1.1" 200 -
INFO:werkzeug:127.0.0.1 - - [18/Mar/2024 12:36:38] "POST /upload_image?user_id=khangle&data_id=cifar10v3 HTTP/1.1" 200 -
INFO:werkzeug:127.0.0.1 - - [18/Mar/2024 12:36:38] "POST /upload_image?user_id=khangle&data_id=cifar10v3 HTTP/1.1" 200 -
INFO:werkzeug:127.0.0.1 - - [18/Mar/2024 12:36:38] "POST /upload_image?user_id=khangle&data_id=cifar10v3 HTTP/1.1" 200 -
INFO:werkzeug:127.0.0.1 - - [18/Mar/2024 12:36:38] "POST /upload_image?user_id=khangle&data_id=cifar10v3 HTTP/1.1" 200 -
INFO:werkzeug:127.0.0.1 - - [18/Mar/2024 12:36:38] "POST /upload_image?user_id=khangle&data_id=cifar10v3 HTTP/1.1" 200 -
DEBUG:root:this is data:{'image_0.png': '4', 'image_1.png': '1', 'image_2.png': '1', 'image_3.png': '2', 'image_4.png': '3', 'image_5.png': '4', 'image_6.png': '2', 'image_7.png': '3', 'image_8.png': '2', 'image_9.png': '4'}
DEBUG:root:this is user_id:khangxlei
INFO:werkzeug:127.0.0.1 - - [18/Mar/2024 12:36:38] "POST /upload_labels?user_id=khangxlei&data_id=cifar10 HTTP/1.1" 200 -
DEBUG:root:this is data:{'image_0.png': '4', 'image_1.png': '1', 'image_2.png': '1', 'image_3.png': '2', 'image_4.png': '3', 'image_5.png': '4', 'image_6.png': '2', 'image_7.png': '3', 'image_8.png': '2', 'image_9.png': '4'}
DEBUG:root:this is user_id:khang
INFO:werkzeug:127.0.0.1 - - [18/Mar/2024 12:36:38] "POST /upload_labels?user_id=khang&data_id=cifar10v2 HTTP/1.1" 200 -
DEBUG:root:this is data:{'image_0.png': '4', 'image_1.png': '1', 'image_2.png': '1', 'image_3.png': '2', 'image_4.png': '3', 'image_5.png': '4', 'image_6.png': '2', 'image_7.png': '3', 'image_8.png': '2', 'image_9.png': '4'}
DEBUG:root:this is user_id:khangle
INFO:werkzeug:127.0.0.1 - - [18/Mar/2024 12:36:39] "POST /upload_labels?user_id=khangle&data_id=cifar10v3 HTTP/1.1" 200 -
INFO:werkzeug:127.0.0.1 - - [18/Mar/2024 12:36:39] "POST /upload_models?user_id=khangxlei HTTP/1.1" 200 -
INFO:werkzeug:127.0.0.1 - - [18/Mar/2024 12:36:39] "POST /upload_models?user_id=khang HTTP/1.1" 200 -
INFO:werkzeug:127.0.0.1 - - [18/Mar/2024 12:36:39] "POST /upload_models?user_id=khangle HTTP/1.1" 200 -
DEBUG:PIL.PngImagePlugin:STREAM b'IHDR' 16 13
DEBUG:PIL.PngImagePlugin:STREAM b'IDAT' 41 6099
DEBUG:PIL.PngImagePlugin:STREAM b'IHDR' 16 13
DEBUG:PIL.PngImagePlugin:STREAM b'IDAT' 41 6412
DEBUG:PIL.PngImagePlugin:STREAM b'IHDR' 16 13
DEBUG:PIL.PngImagePlugin:STREAM b'IDAT' 41 6897
DEBUG:PIL.PngImagePlugin:STREAM b'IHDR' 16 13
DEBUG:PIL.PngImagePlugin:STREAM b'IDAT' 41 7026
DEBUG:PIL.PngImagePlugin:STREAM b'IHDR' 16 13
DEBUG:PIL.PngImagePlugin:STREAM b'IDAT' 41 5516
DEBUG:PIL.PngImagePlugin:STREAM b'IHDR' 16 13
DEBUG:PIL.PngImagePlugin:STREAM b'IDAT' 41 5092
DEBUG:PIL.PngImagePlugin:STREAM b'IHDR' 16 13
DEBUG:PIL.PngImagePlugin:STREAM b'IDAT' 41 5241
DEBUG:PIL.PngImagePlugin:STREAM b'IHDR' 16 13
DEBUG:PIL.PngImagePlugin:STREAM b'IDAT' 41 5787
DEBUG:PIL.PngImagePlugin:STREAM b'IHDR' 16 13
DEBUG:PIL.PngImagePlugin:STREAM b'IDAT' 41 5688
DEBUG:PIL.PngImagePlugin:STREAM b'IHDR' 16 13
DEBUG:PIL.PngImagePlugin:STREAM b'IDAT' 41 5723
DEBUG:root:this is images.shape:(10, 32, 32, 3)
DEBUG:root:This is dataset size: 10
DEBUG:root:Completed preprocessing
DEBUG:root:train_size: 8
DEBUG:root:test_size: 2
DEBUG:root:This is train_dataset_size: 8
DEBUG:root:This is test_dataset_size: 2
DEBUG:root:Completed train test split
DEBUG:root:X_train.shape: (8, 32, 32, 3)
DEBUG:root:X_test.shape: (2, 32, 32, 3)
DEBUG:root:y_train.shape: (8,)
DEBUG:root:y_test.shape: (2,)
DEBUG:root:This is data_dict: [{'image_id': 1, 'label': 4, 'image': <PIL.PngImagePlugin.PngImageFile image mode=RGB size=64x64 at 0x28F68963D30>}, {'image_id': 2, 'label': 1, 'image': <PIL.PngImagePlugin.PngImageFile image mode=RGB size=64x64 at 0x28F689F8130>}, {'image_id': 3, 'label': 1, 'image': <PIL.PngImagePlugin.PngImageFile image mode=RGB size=64x64 at 0x28F689F8F70>}, {'image_id': 4, 'label': 2, 'image': <PIL.PngImagePlugin.PngImageFile image mode=RGB size=64x64 at 0x28F689F95A0>}, {'image_id': 5, 'label': 3, 'image': <PIL.PngImagePlugin.PngImageFile image mode=RGB size=64x64 at 0x28F689F9DE0>}, {'image_id': 6, 'label': 4, 'image': <PIL.PngImagePlugin.PngImageFile image mode=RGB size=64x64 at 0x28F689FA6B0>}, {'image_id': 7, 'label': 2, 'image': <PIL.PngImagePlugin.PngImageFile image mode=RGB size=64x64 at 0x28F689FA710>}, {'image_id': 8, 'label': 3, 'image': <PIL.PngImagePlugin.PngImageFile image mode=RGB size=64x64 at 0x28F689FA770>}, {'image_id': 9, 'label': 2, 'image': <PIL.PngImagePlugin.PngImageFile image mode=RGB size=64x64 at 0x28F689FA7D0>}, {'image_id': 10, 'label': 4, 'image': <PIL.PngImagePlugin.PngImageFile image mode=RGB size=64x64 at 0x28F689FA830>}]
DEBUG:root:This is dataset: <_ShuffleDataset element_spec=(TensorSpec(shape=(32, 32, 3), dtype=tf.float32, name=None), TensorSpec(shape=(), dtype=tf.int64, name=None))>
DEBUG:h5py._conv:Creating converter from 3 to 5
WARNING:absl:Compiled the loaded model, but the compiled metrics have yet to be built. `model.compile_metrics` will be empty until you train or evaluate the model.
WARNING:absl:Error in loading the saved optimizer state. As a result, your model is starting with a freshly initialized optimizer.
WARNING:absl:You are saving your model as an HDF5 file via `model.save()` or `keras.saving.save_model(model)`. This file format is considered legacy. We recommend using instead the native Keras format, e.g. `model.save('my_model.keras')` or `keras.saving.save_model(model, 'my_model.keras')`. 
DEBUG:h5py._conv:Creating converter from 5 to 3
INFO:werkzeug:127.0.0.1 - - [18/Mar/2024 12:36:42] "POST /train?user_id=khangxlei&data_id=cifar10 HTTP/1.1" 200 -
DEBUG:PIL.PngImagePlugin:STREAM b'IHDR' 16 13
DEBUG:PIL.PngImagePlugin:STREAM b'IDAT' 41 6099
DEBUG:PIL.PngImagePlugin:STREAM b'IHDR' 16 13
DEBUG:PIL.PngImagePlugin:STREAM b'IDAT' 41 6412
DEBUG:PIL.PngImagePlugin:STREAM b'IHDR' 16 13
DEBUG:PIL.PngImagePlugin:STREAM b'IDAT' 41 6897
DEBUG:PIL.PngImagePlugin:STREAM b'IHDR' 16 13
DEBUG:PIL.PngImagePlugin:STREAM b'IDAT' 41 7026
DEBUG:PIL.PngImagePlugin:STREAM b'IHDR' 16 13
DEBUG:PIL.PngImagePlugin:STREAM b'IDAT' 41 5516
DEBUG:PIL.PngImagePlugin:STREAM b'IHDR' 16 13
DEBUG:PIL.PngImagePlugin:STREAM b'IDAT' 41 5092
DEBUG:PIL.PngImagePlugin:STREAM b'IHDR' 16 13
DEBUG:PIL.PngImagePlugin:STREAM b'IDAT' 41 5241
DEBUG:PIL.PngImagePlugin:STREAM b'IHDR' 16 13
DEBUG:PIL.PngImagePlugin:STREAM b'IDAT' 41 5787
DEBUG:PIL.PngImagePlugin:STREAM b'IHDR' 16 13
DEBUG:PIL.PngImagePlugin:STREAM b'IDAT' 41 5688
DEBUG:PIL.PngImagePlugin:STREAM b'IHDR' 16 13
DEBUG:PIL.PngImagePlugin:STREAM b'IDAT' 41 5723
DEBUG:root:this is images.shape:(10, 32, 32, 3)
DEBUG:root:This is dataset size: 10
DEBUG:root:Completed preprocessing
DEBUG:root:train_size: 8
DEBUG:root:test_size: 2
DEBUG:root:This is train_dataset_size: 8
DEBUG:root:This is test_dataset_size: 2
DEBUG:root:Completed train test split
DEBUG:root:X_train.shape: (8, 32, 32, 3)
DEBUG:root:X_test.shape: (2, 32, 32, 3)
DEBUG:root:y_train.shape: (8,)
DEBUG:root:y_test.shape: (2,)
DEBUG:root:This is data_dict: [{'image_id': 11, 'label': 4, 'image': <PIL.PngImagePlugin.PngImageFile image mode=RGB size=64x64 at 0x28F6A36DD20>}, {'image_id': 12, 'label': 1, 'image': <PIL.PngImagePlugin.PngImageFile image mode=RGB size=64x64 at 0x28F6A36DCC0>}, {'image_id': 13, 'label': 1, 'image': <PIL.PngImagePlugin.PngImageFile image mode=RGB size=64x64 at 0x28F6A36C520>}, {'image_id': 14, 'label': 2, 'image': <PIL.PngImagePlugin.PngImageFile image mode=RGB size=64x64 at 0x28F6A36C3A0>}, {'image_id': 15, 'label': 3, 'image': <PIL.PngImagePlugin.PngImageFile image mode=RGB size=64x64 at 0x28F6A36C4F0>}, {'image_id': 16, 'label': 4, 'image': <PIL.PngImagePlugin.PngImageFile image mode=RGB size=64x64 at 0x28F6A36C070>}, {'image_id': 17, 'label': 2, 'image': <PIL.PngImagePlugin.PngImageFile image mode=RGB size=64x64 at 0x28F6A3556F0>}, {'image_id': 18, 'label': 3, 'image': <PIL.PngImagePlugin.PngImageFile image mode=RGB size=64x64 at 0x28F6A357AC0>}, {'image_id': 19, 'label': 2, 'image': <PIL.PngImagePlugin.PngImageFile image mode=RGB size=64x64 at 0x28F6A3566E0>}, {'image_id': 20, 'label': 4, 'image': <PIL.PngImagePlugin.PngImageFile image mode=RGB size=64x64 at 0x28F6A354910>}]
DEBUG:root:This is dataset: <_ShuffleDataset element_spec=(TensorSpec(shape=(32, 32, 3), dtype=tf.float32, name=None), TensorSpec(shape=(), dtype=tf.int64, name=None))>
WARNING:absl:Compiled the loaded model, but the compiled metrics have yet to be built. `model.compile_metrics` will be empty until you train or evaluate the model.
WARNING:absl:Error in loading the saved optimizer state. As a result, your model is starting with a freshly initialized optimizer.
WARNING:absl:You are saving your model as an HDF5 file via `model.save()` or `keras.saving.save_model(model)`. This file format is considered legacy. We recommend using instead the native Keras format, e.g. `model.save('my_model.keras')` or `keras.saving.save_model(model, 'my_model.keras')`. 
INFO:werkzeug:127.0.0.1 - - [18/Mar/2024 12:36:44] "POST /train?user_id=khang&data_id=cifar10v2 HTTP/1.1" 200 -
DEBUG:PIL.PngImagePlugin:STREAM b'IHDR' 16 13
DEBUG:PIL.PngImagePlugin:STREAM b'IDAT' 41 6099
DEBUG:PIL.PngImagePlugin:STREAM b'IHDR' 16 13
DEBUG:PIL.PngImagePlugin:STREAM b'IDAT' 41 6412
DEBUG:PIL.PngImagePlugin:STREAM b'IHDR' 16 13
DEBUG:PIL.PngImagePlugin:STREAM b'IDAT' 41 6897
DEBUG:PIL.PngImagePlugin:STREAM b'IHDR' 16 13
DEBUG:PIL.PngImagePlugin:STREAM b'IDAT' 41 7026
DEBUG:PIL.PngImagePlugin:STREAM b'IHDR' 16 13
DEBUG:PIL.PngImagePlugin:STREAM b'IDAT' 41 5516
DEBUG:PIL.PngImagePlugin:STREAM b'IHDR' 16 13
DEBUG:PIL.PngImagePlugin:STREAM b'IDAT' 41 5092
DEBUG:PIL.PngImagePlugin:STREAM b'IHDR' 16 13
DEBUG:PIL.PngImagePlugin:STREAM b'IDAT' 41 5241
DEBUG:PIL.PngImagePlugin:STREAM b'IHDR' 16 13
DEBUG:PIL.PngImagePlugin:STREAM b'IDAT' 41 5787
DEBUG:PIL.PngImagePlugin:STREAM b'IHDR' 16 13
DEBUG:PIL.PngImagePlugin:STREAM b'IDAT' 41 5688
DEBUG:PIL.PngImagePlugin:STREAM b'IHDR' 16 13
DEBUG:PIL.PngImagePlugin:STREAM b'IDAT' 41 5723
DEBUG:root:this is images.shape:(10, 32, 32, 3)
DEBUG:root:This is dataset size: 10
DEBUG:root:Completed preprocessing
DEBUG:root:train_size: 8
DEBUG:root:test_size: 2
DEBUG:root:This is train_dataset_size: 8
DEBUG:root:This is test_dataset_size: 2
DEBUG:root:Completed train test split
DEBUG:root:X_train.shape: (8, 32, 32, 3)
DEBUG:root:X_test.shape: (2, 32, 32, 3)
DEBUG:root:y_train.shape: (8,)
DEBUG:root:y_test.shape: (2,)
DEBUG:root:This is data_dict: [{'image_id': 21, 'label': 4, 'image': <PIL.PngImagePlugin.PngImageFile image mode=RGB size=64x64 at 0x28F6F389300>}, {'image_id': 22, 'label': 1, 'image': <PIL.PngImagePlugin.PngImageFile image mode=RGB size=64x64 at 0x28F6F3894E0>}, {'image_id': 23, 'label': 1, 'image': <PIL.PngImagePlugin.PngImageFile image mode=RGB size=64x64 at 0x28F6F38BB50>}, {'image_id': 24, 'label': 2, 'image': <PIL.PngImagePlugin.PngImageFile image mode=RGB size=64x64 at 0x28F6F38B9D0>}, {'image_id': 25, 'label': 3, 'image': <PIL.PngImagePlugin.PngImageFile image mode=RGB size=64x64 at 0x28F6F38BB20>}, {'image_id': 26, 'label': 4, 'image': <PIL.PngImagePlugin.PngImageFile image mode=RGB size=64x64 at 0x28F6F38B700>}, {'image_id': 27, 'label': 2, 'image': <PIL.PngImagePlugin.PngImageFile image mode=RGB size=64x64 at 0x28F6F38B6A0>}, {'image_id': 28, 'label': 3, 'image': <PIL.PngImagePlugin.PngImageFile image mode=RGB size=64x64 at 0x28F6F389D20>}, {'image_id': 29, 'label': 2, 'image': <PIL.PngImagePlugin.PngImageFile image mode=RGB size=64x64 at 0x28F6F389E70>}, {'image_id': 30, 'label': 4, 'image': <PIL.PngImagePlugin.PngImageFile image mode=RGB size=64x64 at 0x28F6F389A50>}]
DEBUG:root:This is dataset: <_ShuffleDataset element_spec=(TensorSpec(shape=(32, 32, 3), dtype=tf.float32, name=None), TensorSpec(shape=(), dtype=tf.int64, name=None))>
WARNING:absl:Compiled the loaded model, but the compiled metrics have yet to be built. `model.compile_metrics` will be empty until you train or evaluate the model.
WARNING:absl:Error in loading the saved optimizer state. As a result, your model is starting with a freshly initialized optimizer.
WARNING:absl:You are saving your model as an HDF5 file via `model.save()` or `keras.saving.save_model(model)`. This file format is considered legacy. We recommend using instead the native Keras format, e.g. `model.save('my_model.keras')` or `keras.saving.save_model(model, 'my_model.keras')`. 
INFO:werkzeug:127.0.0.1 - - [18/Mar/2024 12:36:46] "POST /train?user_id=khangle&data_id=cifar10v3 HTTP/1.1" 200 -
DEBUG:PIL.PngImagePlugin:STREAM b'IHDR' 16 13
DEBUG:PIL.PngImagePlugin:STREAM b'IDAT' 41 6099
DEBUG:PIL.PngImagePlugin:STREAM b'IHDR' 16 13
DEBUG:PIL.PngImagePlugin:STREAM b'IDAT' 41 6412
DEBUG:PIL.PngImagePlugin:STREAM b'IHDR' 16 13
DEBUG:PIL.PngImagePlugin:STREAM b'IDAT' 41 6897
DEBUG:PIL.PngImagePlugin:STREAM b'IHDR' 16 13
DEBUG:PIL.PngImagePlugin:STREAM b'IDAT' 41 7026
DEBUG:PIL.PngImagePlugin:STREAM b'IHDR' 16 13
DEBUG:PIL.PngImagePlugin:STREAM b'IDAT' 41 5516
DEBUG:PIL.PngImagePlugin:STREAM b'IHDR' 16 13
DEBUG:PIL.PngImagePlugin:STREAM b'IDAT' 41 5092
DEBUG:PIL.PngImagePlugin:STREAM b'IHDR' 16 13
DEBUG:PIL.PngImagePlugin:STREAM b'IDAT' 41 5241
DEBUG:PIL.PngImagePlugin:STREAM b'IHDR' 16 13
DEBUG:PIL.PngImagePlugin:STREAM b'IDAT' 41 5787
DEBUG:PIL.PngImagePlugin:STREAM b'IHDR' 16 13
DEBUG:PIL.PngImagePlugin:STREAM b'IDAT' 41 5688
DEBUG:PIL.PngImagePlugin:STREAM b'IHDR' 16 13
DEBUG:PIL.PngImagePlugin:STREAM b'IDAT' 41 5723
DEBUG:root:this is images.shape:(10, 32, 32, 3)
DEBUG:root:This is dataset size: 10
DEBUG:root:Completed preprocessing
DEBUG:root:Completed loading data
DEBUG:root:This is X.shape: (10, 32, 32, 3)
DEBUG:root:This is y.shape: (10,)
DEBUG:root:This is data_dict: [{'image_id': 1, 'label': 4, 'image': <PIL.PngImagePlugin.PngImageFile image mode=RGB size=64x64 at 0x28F7143A260>}, {'image_id': 2, 'label': 1, 'image': <PIL.PngImagePlugin.PngImageFile image mode=RGB size=64x64 at 0x28F7143BAF0>}, {'image_id': 3, 'label': 1, 'image': <PIL.PngImagePlugin.PngImageFile image mode=RGB size=64x64 at 0x28F71439000>}, {'image_id': 4, 'label': 2, 'image': <PIL.PngImagePlugin.PngImageFile image mode=RGB size=64x64 at 0x28F7143ABF0>}, {'image_id': 5, 'label': 3, 'image': <PIL.PngImagePlugin.PngImageFile image mode=RGB size=64x64 at 0x28F7143A9E0>}, {'image_id': 6, 'label': 4, 'image': <PIL.PngImagePlugin.PngImageFile image mode=RGB size=64x64 at 0x28F7143A770>}, {'image_id': 7, 'label': 2, 'image': <PIL.PngImagePlugin.PngImageFile image mode=RGB size=64x64 at 0x28F7143A710>}, {'image_id': 8, 'label': 3, 'image': <PIL.PngImagePlugin.PngImageFile image mode=RGB size=64x64 at 0x28F71439060>}, {'image_id': 9, 'label': 2, 'image': <PIL.PngImagePlugin.PngImageFile image mode=RGB size=64x64 at 0x28F71438E50>}, {'image_id': 10, 'label': 4, 'image': <PIL.PngImagePlugin.PngImageFile image mode=RGB size=64x64 at 0x28F71438BE0>}]
DEBUG:root:This is dataset: <_ShuffleDataset element_spec=(TensorSpec(shape=(32, 32, 3), dtype=tf.float32, name=None), TensorSpec(shape=(), dtype=tf.int64, name=None))>
WARNING:absl:Compiled the loaded model, but the compiled metrics have yet to be built. `model.compile_metrics` will be empty until you train or evaluate the model.
WARNING:absl:Error in loading the saved optimizer state. As a result, your model is starting with a freshly initialized optimizer.
DEBUG:root:Completed inferencing
INFO:werkzeug:127.0.0.1 - - [18/Mar/2024 12:36:47] "POST /inference?user_id=khangxlei&data_id=cifar10 HTTP/1.1" 200 -
DEBUG:PIL.PngImagePlugin:STREAM b'IHDR' 16 13
DEBUG:PIL.PngImagePlugin:STREAM b'IDAT' 41 6099
DEBUG:PIL.PngImagePlugin:STREAM b'IHDR' 16 13
DEBUG:PIL.PngImagePlugin:STREAM b'IDAT' 41 6412
DEBUG:PIL.PngImagePlugin:STREAM b'IHDR' 16 13
DEBUG:PIL.PngImagePlugin:STREAM b'IDAT' 41 6897
DEBUG:PIL.PngImagePlugin:STREAM b'IHDR' 16 13
DEBUG:PIL.PngImagePlugin:STREAM b'IDAT' 41 7026
DEBUG:PIL.PngImagePlugin:STREAM b'IHDR' 16 13
DEBUG:PIL.PngImagePlugin:STREAM b'IDAT' 41 5516
DEBUG:PIL.PngImagePlugin:STREAM b'IHDR' 16 13
DEBUG:PIL.PngImagePlugin:STREAM b'IDAT' 41 5092
DEBUG:PIL.PngImagePlugin:STREAM b'IHDR' 16 13
DEBUG:PIL.PngImagePlugin:STREAM b'IDAT' 41 5241
DEBUG:PIL.PngImagePlugin:STREAM b'IHDR' 16 13
DEBUG:PIL.PngImagePlugin:STREAM b'IDAT' 41 5787
DEBUG:PIL.PngImagePlugin:STREAM b'IHDR' 16 13
DEBUG:PIL.PngImagePlugin:STREAM b'IDAT' 41 5688
DEBUG:PIL.PngImagePlugin:STREAM b'IHDR' 16 13
DEBUG:PIL.PngImagePlugin:STREAM b'IDAT' 41 5723
DEBUG:root:this is images.shape:(10, 32, 32, 3)
DEBUG:root:This is dataset size: 10
DEBUG:root:Completed preprocessing
DEBUG:root:Completed loading data
DEBUG:root:This is X.shape: (10, 32, 32, 3)
DEBUG:root:This is y.shape: (10,)
DEBUG:root:This is data_dict: [{'image_id': 11, 'label': 4, 'image': <PIL.PngImagePlugin.PngImageFile image mode=RGB size=64x64 at 0x28F71D77FA0>}, {'image_id': 12, 'label': 1, 'image': <PIL.PngImagePlugin.PngImageFile image mode=RGB size=64x64 at 0x28F71D767D0>}, {'image_id': 13, 'label': 1, 'image': <PIL.PngImagePlugin.PngImageFile image mode=RGB size=64x64 at 0x28F71D76740>}, {'image_id': 14, 'label': 2, 'image': <PIL.PngImagePlugin.PngImageFile image mode=RGB size=64x64 at 0x28F71D76920>}, {'image_id': 15, 'label': 3, 'image': <PIL.PngImagePlugin.PngImageFile image mode=RGB size=64x64 at 0x28F71D758A0>}, {'image_id': 16, 'label': 4, 'image': <PIL.PngImagePlugin.PngImageFile image mode=RGB size=64x64 at 0x28F71D75690>}, {'image_id': 17, 'label': 2, 'image': <PIL.PngImagePlugin.PngImageFile image mode=RGB size=64x64 at 0x28F71D76290>}, {'image_id': 18, 'label': 3, 'image': <PIL.PngImagePlugin.PngImageFile image mode=RGB size=64x64 at 0x28F71D75420>}, {'image_id': 19, 'label': 2, 'image': <PIL.PngImagePlugin.PngImageFile image mode=RGB size=64x64 at 0x28F71D76E60>}, {'image_id': 20, 'label': 4, 'image': <PIL.PngImagePlugin.PngImageFile image mode=RGB size=64x64 at 0x28F71D75A80>}]
DEBUG:root:This is dataset: <_ShuffleDataset element_spec=(TensorSpec(shape=(32, 32, 3), dtype=tf.float32, name=None), TensorSpec(shape=(), dtype=tf.int64, name=None))>
WARNING:absl:Compiled the loaded model, but the compiled metrics have yet to be built. `model.compile_metrics` will be empty until you train or evaluate the model.
WARNING:absl:Error in loading the saved optimizer state. As a result, your model is starting with a freshly initialized optimizer.
DEBUG:root:Completed inferencing
INFO:werkzeug:127.0.0.1 - - [18/Mar/2024 12:36:47] "POST /inference?user_id=khang&data_id=cifar10v2 HTTP/1.1" 200 -
DEBUG:PIL.PngImagePlugin:STREAM b'IHDR' 16 13
DEBUG:PIL.PngImagePlugin:STREAM b'IDAT' 41 6099
DEBUG:PIL.PngImagePlugin:STREAM b'IHDR' 16 13
DEBUG:PIL.PngImagePlugin:STREAM b'IDAT' 41 6412
DEBUG:PIL.PngImagePlugin:STREAM b'IHDR' 16 13
DEBUG:PIL.PngImagePlugin:STREAM b'IDAT' 41 6897
DEBUG:PIL.PngImagePlugin:STREAM b'IHDR' 16 13
DEBUG:PIL.PngImagePlugin:STREAM b'IDAT' 41 7026
DEBUG:PIL.PngImagePlugin:STREAM b'IHDR' 16 13
DEBUG:PIL.PngImagePlugin:STREAM b'IDAT' 41 5516
DEBUG:PIL.PngImagePlugin:STREAM b'IHDR' 16 13
DEBUG:PIL.PngImagePlugin:STREAM b'IDAT' 41 5092
DEBUG:PIL.PngImagePlugin:STREAM b'IHDR' 16 13
DEBUG:PIL.PngImagePlugin:STREAM b'IDAT' 41 5241
DEBUG:PIL.PngImagePlugin:STREAM b'IHDR' 16 13
DEBUG:PIL.PngImagePlugin:STREAM b'IDAT' 41 5787
DEBUG:PIL.PngImagePlugin:STREAM b'IHDR' 16 13
DEBUG:PIL.PngImagePlugin:STREAM b'IDAT' 41 5688
DEBUG:PIL.PngImagePlugin:STREAM b'IHDR' 16 13
DEBUG:PIL.PngImagePlugin:STREAM b'IDAT' 41 5723
DEBUG:root:this is images.shape:(10, 32, 32, 3)
DEBUG:root:This is dataset size: 10
DEBUG:root:Completed preprocessing
DEBUG:root:Completed loading data
DEBUG:root:This is X.shape: (10, 32, 32, 3)
DEBUG:root:This is y.shape: (10,)
DEBUG:root:This is data_dict: [{'image_id': 21, 'label': 4, 'image': <PIL.PngImagePlugin.PngImageFile image mode=RGB size=64x64 at 0x28F7399DAE0>}, {'image_id': 22, 'label': 1, 'image': <PIL.PngImagePlugin.PngImageFile image mode=RGB size=64x64 at 0x28F7399FD60>}, {'image_id': 23, 'label': 1, 'image': <PIL.PngImagePlugin.PngImageFile image mode=RGB size=64x64 at 0x28F7399DFF0>}, {'image_id': 24, 'label': 2, 'image': <PIL.PngImagePlugin.PngImageFile image mode=RGB size=64x64 at 0x28F71D66AD0>}, {'image_id': 25, 'label': 3, 'image': <PIL.PngImagePlugin.PngImageFile image mode=RGB size=64x64 at 0x28F71D77FA0>}, {'image_id': 26, 'label': 4, 'image': <PIL.PngImagePlugin.PngImageFile image mode=RGB size=64x64 at 0x28F71D76950>}, {'image_id': 27, 'label': 2, 'image': <PIL.PngImagePlugin.PngImageFile image mode=RGB size=64x64 at 0x28F71D767D0>}, {'image_id': 28, 'label': 3, 'image': <PIL.PngImagePlugin.PngImageFile image mode=RGB size=64x64 at 0x28F71D76920>}, {'image_id': 29, 'label': 2, 'image': <PIL.PngImagePlugin.PngImageFile image mode=RGB size=64x64 at 0x28F71D75690>}, {'image_id': 30, 'label': 4, 'image': <PIL.PngImagePlugin.PngImageFile image mode=RGB size=64x64 at 0x28F71D75420>}]
DEBUG:root:This is dataset: <_ShuffleDataset element_spec=(TensorSpec(shape=(32, 32, 3), dtype=tf.float32, name=None), TensorSpec(shape=(), dtype=tf.int64, name=None))>
WARNING:absl:Compiled the loaded model, but the compiled metrics have yet to be built. `model.compile_metrics` will be empty until you train or evaluate the model.
WARNING:absl:Error in loading the saved optimizer state. As a result, your model is starting with a freshly initialized optimizer.
DEBUG:root:Completed inferencing
INFO:werkzeug:127.0.0.1 - - [18/Mar/2024 12:36:48] "POST /inference?user_id=khangle&data_id=cifar10v3 HTTP/1.1" 200 -
INFO:werkzeug: * Detected change in 'C:\\Users\\khang\\OneDrive\\Desktop\\SCHOOL\\SPRING_senior_2024\\EC530\\project_2\\profiling\\stats_profiling.py', reloading
INFO:werkzeug: * Restarting with stat
DEBUG:tensorflow:Falling back to TensorFlow client; we recommended you install the Cloud TPU client directly with pip install cloud-tpu-client.
DEBUG:h5py._conv:Creating converter from 7 to 5
DEBUG:h5py._conv:Creating converter from 5 to 7
DEBUG:h5py._conv:Creating converter from 7 to 5
DEBUG:h5py._conv:Creating converter from 5 to 7
WARNING:werkzeug: * Debugger is active!
INFO:werkzeug: * Debugger PIN: 103-158-487
INFO:werkzeug: * Detected change in 'C:\\Users\\khang\\OneDrive\\Desktop\\SCHOOL\\SPRING_senior_2024\\EC530\\project_2\\profiling\\stats_profiling.py', reloading
INFO:werkzeug: * Restarting with stat
DEBUG:tensorflow:Falling back to TensorFlow client; we recommended you install the Cloud TPU client directly with pip install cloud-tpu-client.
DEBUG:h5py._conv:Creating converter from 7 to 5
DEBUG:h5py._conv:Creating converter from 5 to 7
DEBUG:h5py._conv:Creating converter from 7 to 5
DEBUG:h5py._conv:Creating converter from 5 to 7
WARNING:werkzeug: * Debugger is active!
INFO:werkzeug: * Debugger PIN: 103-158-487
INFO:werkzeug: * Detected change in 'C:\\Users\\khang\\OneDrive\\Desktop\\SCHOOL\\SPRING_senior_2024\\EC530\\project_2\\profiling\\stats_profiling.py', reloading
INFO:werkzeug: * Restarting with stat
DEBUG:tensorflow:Falling back to TensorFlow client; we recommended you install the Cloud TPU client directly with pip install cloud-tpu-client.
DEBUG:h5py._conv:Creating converter from 7 to 5
DEBUG:h5py._conv:Creating converter from 5 to 7
DEBUG:h5py._conv:Creating converter from 7 to 5
DEBUG:h5py._conv:Creating converter from 5 to 7
WARNING:werkzeug: * Debugger is active!
INFO:werkzeug: * Debugger PIN: 103-158-487
INFO:werkzeug: * Detected change in 'C:\\Users\\khang\\OneDrive\\Desktop\\SCHOOL\\SPRING_senior_2024\\EC530\\project_2\\profiling\\stats_profiling.py', reloading
INFO:werkzeug: * Restarting with stat
DEBUG:tensorflow:Falling back to TensorFlow client; we recommended you install the Cloud TPU client directly with pip install cloud-tpu-client.
DEBUG:h5py._conv:Creating converter from 7 to 5
DEBUG:h5py._conv:Creating converter from 5 to 7
DEBUG:h5py._conv:Creating converter from 7 to 5
DEBUG:h5py._conv:Creating converter from 5 to 7
WARNING:werkzeug: * Debugger is active!
INFO:werkzeug: * Debugger PIN: 103-158-487
INFO:werkzeug: * Detected change in 'C:\\Users\\khang\\OneDrive\\Desktop\\SCHOOL\\SPRING_senior_2024\\EC530\\project_2\\profiling\\stats_profiling.py', reloading
INFO:werkzeug: * Restarting with stat
DEBUG:tensorflow:Falling back to TensorFlow client; we recommended you install the Cloud TPU client directly with pip install cloud-tpu-client.
DEBUG:h5py._conv:Creating converter from 7 to 5
DEBUG:h5py._conv:Creating converter from 5 to 7
DEBUG:h5py._conv:Creating converter from 7 to 5
DEBUG:h5py._conv:Creating converter from 5 to 7
DEBUG:tensorflow:Falling back to TensorFlow client; we recommended you install the Cloud TPU client directly with pip install cloud-tpu-client.
DEBUG:h5py._conv:Creating converter from 7 to 5
DEBUG:h5py._conv:Creating converter from 5 to 7
DEBUG:h5py._conv:Creating converter from 7 to 5
DEBUG:h5py._conv:Creating converter from 5 to 7
INFO:werkzeug:[31m[1mWARNING: This is a development server. Do not use it in a production deployment. Use a production WSGI server instead.[0m
 * Running on http://127.0.0.1:5000
INFO:werkzeug:[33mPress CTRL+C to quit[0m
INFO:werkzeug: * Restarting with stat
DEBUG:tensorflow:Falling back to TensorFlow client; we recommended you install the Cloud TPU client directly with pip install cloud-tpu-client.
DEBUG:h5py._conv:Creating converter from 7 to 5
DEBUG:h5py._conv:Creating converter from 5 to 7
DEBUG:h5py._conv:Creating converter from 7 to 5
DEBUG:h5py._conv:Creating converter from 5 to 7
WARNING:werkzeug: * Debugger is active!
INFO:werkzeug: * Debugger PIN: 103-158-487
INFO:werkzeug:127.0.0.1 - - [18/Mar/2024 12:44:29] "POST /upload_image?user_id=khangxlei&data_id=cifar10 HTTP/1.1" 200 -
INFO:werkzeug:127.0.0.1 - - [18/Mar/2024 12:44:29] "POST /upload_image?user_id=khangxlei&data_id=cifar10 HTTP/1.1" 200 -
INFO:werkzeug:127.0.0.1 - - [18/Mar/2024 12:44:29] "POST /upload_image?user_id=khangxlei&data_id=cifar10 HTTP/1.1" 200 -
INFO:werkzeug:127.0.0.1 - - [18/Mar/2024 12:44:29] "POST /upload_image?user_id=khangxlei&data_id=cifar10 HTTP/1.1" 200 -
INFO:werkzeug:127.0.0.1 - - [18/Mar/2024 12:44:29] "POST /upload_image?user_id=khangxlei&data_id=cifar10 HTTP/1.1" 200 -
INFO:werkzeug:127.0.0.1 - - [18/Mar/2024 12:44:29] "POST /upload_image?user_id=khangxlei&data_id=cifar10 HTTP/1.1" 200 -
INFO:werkzeug:127.0.0.1 - - [18/Mar/2024 12:44:29] "POST /upload_image?user_id=khangxlei&data_id=cifar10 HTTP/1.1" 200 -
INFO:werkzeug:127.0.0.1 - - [18/Mar/2024 12:44:29] "POST /upload_image?user_id=khangxlei&data_id=cifar10 HTTP/1.1" 200 -
INFO:werkzeug:127.0.0.1 - - [18/Mar/2024 12:44:29] "POST /upload_image?user_id=khangxlei&data_id=cifar10 HTTP/1.1" 200 -
INFO:werkzeug:127.0.0.1 - - [18/Mar/2024 12:44:29] "POST /upload_image?user_id=khangxlei&data_id=cifar10 HTTP/1.1" 200 -
INFO:werkzeug:127.0.0.1 - - [18/Mar/2024 12:44:29] "POST /upload_image?user_id=khang&data_id=cifar10v2 HTTP/1.1" 200 -
INFO:werkzeug:127.0.0.1 - - [18/Mar/2024 12:44:29] "POST /upload_image?user_id=khang&data_id=cifar10v2 HTTP/1.1" 200 -
INFO:werkzeug:127.0.0.1 - - [18/Mar/2024 12:44:29] "POST /upload_image?user_id=khang&data_id=cifar10v2 HTTP/1.1" 200 -
INFO:werkzeug:127.0.0.1 - - [18/Mar/2024 12:44:29] "POST /upload_image?user_id=khang&data_id=cifar10v2 HTTP/1.1" 200 -
INFO:werkzeug:127.0.0.1 - - [18/Mar/2024 12:44:29] "POST /upload_image?user_id=khang&data_id=cifar10v2 HTTP/1.1" 200 -
INFO:werkzeug:127.0.0.1 - - [18/Mar/2024 12:44:29] "POST /upload_image?user_id=khang&data_id=cifar10v2 HTTP/1.1" 200 -
INFO:werkzeug:127.0.0.1 - - [18/Mar/2024 12:44:29] "POST /upload_image?user_id=khang&data_id=cifar10v2 HTTP/1.1" 200 -
INFO:werkzeug:127.0.0.1 - - [18/Mar/2024 12:44:29] "POST /upload_image?user_id=khang&data_id=cifar10v2 HTTP/1.1" 200 -
INFO:werkzeug:127.0.0.1 - - [18/Mar/2024 12:44:29] "POST /upload_image?user_id=khang&data_id=cifar10v2 HTTP/1.1" 200 -
INFO:werkzeug:127.0.0.1 - - [18/Mar/2024 12:44:29] "POST /upload_image?user_id=khang&data_id=cifar10v2 HTTP/1.1" 200 -
INFO:werkzeug:127.0.0.1 - - [18/Mar/2024 12:44:29] "POST /upload_image?user_id=khangle&data_id=cifar10v3 HTTP/1.1" 200 -
INFO:werkzeug:127.0.0.1 - - [18/Mar/2024 12:44:29] "POST /upload_image?user_id=khangle&data_id=cifar10v3 HTTP/1.1" 200 -
INFO:werkzeug:127.0.0.1 - - [18/Mar/2024 12:44:29] "POST /upload_image?user_id=khangle&data_id=cifar10v3 HTTP/1.1" 200 -
INFO:werkzeug:127.0.0.1 - - [18/Mar/2024 12:44:29] "POST /upload_image?user_id=khangle&data_id=cifar10v3 HTTP/1.1" 200 -
INFO:werkzeug:127.0.0.1 - - [18/Mar/2024 12:44:29] "POST /upload_image?user_id=khangle&data_id=cifar10v3 HTTP/1.1" 200 -
INFO:werkzeug:127.0.0.1 - - [18/Mar/2024 12:44:29] "POST /upload_image?user_id=khangle&data_id=cifar10v3 HTTP/1.1" 200 -
INFO:werkzeug:127.0.0.1 - - [18/Mar/2024 12:44:29] "POST /upload_image?user_id=khangle&data_id=cifar10v3 HTTP/1.1" 200 -
INFO:werkzeug:127.0.0.1 - - [18/Mar/2024 12:44:29] "POST /upload_image?user_id=khangle&data_id=cifar10v3 HTTP/1.1" 200 -
INFO:werkzeug:127.0.0.1 - - [18/Mar/2024 12:44:29] "POST /upload_image?user_id=khangle&data_id=cifar10v3 HTTP/1.1" 200 -
INFO:werkzeug:127.0.0.1 - - [18/Mar/2024 12:44:29] "POST /upload_image?user_id=khangle&data_id=cifar10v3 HTTP/1.1" 200 -
DEBUG:root:this is data:{'image_0.png': '4', 'image_1.png': '1', 'image_2.png': '1', 'image_3.png': '2', 'image_4.png': '3', 'image_5.png': '4', 'image_6.png': '2', 'image_7.png': '3', 'image_8.png': '2', 'image_9.png': '4'}
DEBUG:root:this is user_id:khangxlei
INFO:werkzeug:127.0.0.1 - - [18/Mar/2024 12:44:29] "POST /upload_labels?user_id=khangxlei&data_id=cifar10 HTTP/1.1" 200 -
DEBUG:root:this is data:{'image_0.png': '4', 'image_1.png': '1', 'image_2.png': '1', 'image_3.png': '2', 'image_4.png': '3', 'image_5.png': '4', 'image_6.png': '2', 'image_7.png': '3', 'image_8.png': '2', 'image_9.png': '4'}
DEBUG:root:this is user_id:khang
INFO:werkzeug:127.0.0.1 - - [18/Mar/2024 12:44:29] "POST /upload_labels?user_id=khang&data_id=cifar10v2 HTTP/1.1" 200 -
DEBUG:root:this is data:{'image_0.png': '4', 'image_1.png': '1', 'image_2.png': '1', 'image_3.png': '2', 'image_4.png': '3', 'image_5.png': '4', 'image_6.png': '2', 'image_7.png': '3', 'image_8.png': '2', 'image_9.png': '4'}
DEBUG:root:this is user_id:khangle
INFO:werkzeug:127.0.0.1 - - [18/Mar/2024 12:44:29] "POST /upload_labels?user_id=khangle&data_id=cifar10v3 HTTP/1.1" 200 -
INFO:werkzeug:127.0.0.1 - - [18/Mar/2024 12:44:30] "POST /upload_models?user_id=khangxlei HTTP/1.1" 200 -
INFO:werkzeug:127.0.0.1 - - [18/Mar/2024 12:44:30] "POST /upload_models?user_id=khang HTTP/1.1" 200 -
INFO:werkzeug:127.0.0.1 - - [18/Mar/2024 12:44:30] "POST /upload_models?user_id=khangle HTTP/1.1" 200 -
DEBUG:PIL.PngImagePlugin:STREAM b'IHDR' 16 13
DEBUG:PIL.PngImagePlugin:STREAM b'IDAT' 41 6099
DEBUG:PIL.PngImagePlugin:STREAM b'IHDR' 16 13
DEBUG:PIL.PngImagePlugin:STREAM b'IDAT' 41 6412
DEBUG:PIL.PngImagePlugin:STREAM b'IHDR' 16 13
DEBUG:PIL.PngImagePlugin:STREAM b'IDAT' 41 6897
DEBUG:PIL.PngImagePlugin:STREAM b'IHDR' 16 13
DEBUG:PIL.PngImagePlugin:STREAM b'IDAT' 41 7026
DEBUG:PIL.PngImagePlugin:STREAM b'IHDR' 16 13
DEBUG:PIL.PngImagePlugin:STREAM b'IDAT' 41 5516
DEBUG:PIL.PngImagePlugin:STREAM b'IHDR' 16 13
DEBUG:PIL.PngImagePlugin:STREAM b'IDAT' 41 5092
DEBUG:PIL.PngImagePlugin:STREAM b'IHDR' 16 13
DEBUG:PIL.PngImagePlugin:STREAM b'IDAT' 41 5241
DEBUG:PIL.PngImagePlugin:STREAM b'IHDR' 16 13
DEBUG:PIL.PngImagePlugin:STREAM b'IDAT' 41 5787
DEBUG:PIL.PngImagePlugin:STREAM b'IHDR' 16 13
DEBUG:PIL.PngImagePlugin:STREAM b'IDAT' 41 5688
DEBUG:PIL.PngImagePlugin:STREAM b'IHDR' 16 13
DEBUG:PIL.PngImagePlugin:STREAM b'IDAT' 41 5723
DEBUG:root:this is images.shape:(10, 32, 32, 3)
DEBUG:root:This is dataset size: 10
DEBUG:root:Completed preprocessing
DEBUG:root:train_size: 8
DEBUG:root:test_size: 2
DEBUG:root:This is train_dataset_size: 8
DEBUG:root:This is test_dataset_size: 2
DEBUG:root:Completed train test split
DEBUG:root:X_train.shape: (8, 32, 32, 3)
DEBUG:root:X_test.shape: (2, 32, 32, 3)
DEBUG:root:y_train.shape: (8,)
DEBUG:root:y_test.shape: (2,)
DEBUG:root:This is data_dict: [{'image_id': 1, 'label': 4, 'image': <PIL.PngImagePlugin.PngImageFile image mode=RGB size=64x64 at 0x2402F0639A0>}, {'image_id': 2, 'label': 1, 'image': <PIL.PngImagePlugin.PngImageFile image mode=RGB size=64x64 at 0x2402F0FC790>}, {'image_id': 3, 'label': 1, 'image': <PIL.PngImagePlugin.PngImageFile image mode=RGB size=64x64 at 0x2402F0FC430>}, {'image_id': 4, 'label': 2, 'image': <PIL.PngImagePlugin.PngImageFile image mode=RGB size=64x64 at 0x2402F0FD4B0>}, {'image_id': 5, 'label': 3, 'image': <PIL.PngImagePlugin.PngImageFile image mode=RGB size=64x64 at 0x2402F0FDCF0>}, {'image_id': 6, 'label': 4, 'image': <PIL.PngImagePlugin.PngImageFile image mode=RGB size=64x64 at 0x2402F0FE5C0>}, {'image_id': 7, 'label': 2, 'image': <PIL.PngImagePlugin.PngImageFile image mode=RGB size=64x64 at 0x2402F0FE620>}, {'image_id': 8, 'label': 3, 'image': <PIL.PngImagePlugin.PngImageFile image mode=RGB size=64x64 at 0x2402F0FE680>}, {'image_id': 9, 'label': 2, 'image': <PIL.PngImagePlugin.PngImageFile image mode=RGB size=64x64 at 0x2402F0FE6E0>}, {'image_id': 10, 'label': 4, 'image': <PIL.PngImagePlugin.PngImageFile image mode=RGB size=64x64 at 0x2402F0FE740>}]
DEBUG:root:This is dataset: <_ShuffleDataset element_spec=(TensorSpec(shape=(32, 32, 3), dtype=tf.float32, name=None), TensorSpec(shape=(), dtype=tf.int64, name=None))>
DEBUG:h5py._conv:Creating converter from 3 to 5
WARNING:absl:Compiled the loaded model, but the compiled metrics have yet to be built. `model.compile_metrics` will be empty until you train or evaluate the model.
WARNING:absl:Error in loading the saved optimizer state. As a result, your model is starting with a freshly initialized optimizer.
WARNING:absl:You are saving your model as an HDF5 file via `model.save()` or `keras.saving.save_model(model)`. This file format is considered legacy. We recommend using instead the native Keras format, e.g. `model.save('my_model.keras')` or `keras.saving.save_model(model, 'my_model.keras')`. 
DEBUG:h5py._conv:Creating converter from 5 to 3
INFO:werkzeug:127.0.0.1 - - [18/Mar/2024 12:44:33] "POST /train?user_id=khangxlei&data_id=cifar10 HTTP/1.1" 200 -
DEBUG:PIL.PngImagePlugin:STREAM b'IHDR' 16 13
DEBUG:PIL.PngImagePlugin:STREAM b'IDAT' 41 6099
DEBUG:PIL.PngImagePlugin:STREAM b'IHDR' 16 13
DEBUG:PIL.PngImagePlugin:STREAM b'IDAT' 41 6412
DEBUG:PIL.PngImagePlugin:STREAM b'IHDR' 16 13
DEBUG:PIL.PngImagePlugin:STREAM b'IDAT' 41 6897
DEBUG:PIL.PngImagePlugin:STREAM b'IHDR' 16 13
DEBUG:PIL.PngImagePlugin:STREAM b'IDAT' 41 7026
DEBUG:PIL.PngImagePlugin:STREAM b'IHDR' 16 13
DEBUG:PIL.PngImagePlugin:STREAM b'IDAT' 41 5516
DEBUG:PIL.PngImagePlugin:STREAM b'IHDR' 16 13
DEBUG:PIL.PngImagePlugin:STREAM b'IDAT' 41 5092
DEBUG:PIL.PngImagePlugin:STREAM b'IHDR' 16 13
DEBUG:PIL.PngImagePlugin:STREAM b'IDAT' 41 5241
DEBUG:PIL.PngImagePlugin:STREAM b'IHDR' 16 13
DEBUG:PIL.PngImagePlugin:STREAM b'IDAT' 41 5787
DEBUG:PIL.PngImagePlugin:STREAM b'IHDR' 16 13
DEBUG:PIL.PngImagePlugin:STREAM b'IDAT' 41 5688
DEBUG:PIL.PngImagePlugin:STREAM b'IHDR' 16 13
DEBUG:PIL.PngImagePlugin:STREAM b'IDAT' 41 5723
DEBUG:root:this is images.shape:(10, 32, 32, 3)
DEBUG:root:This is dataset size: 10
DEBUG:root:Completed preprocessing
DEBUG:root:train_size: 8
DEBUG:root:test_size: 2
DEBUG:root:This is train_dataset_size: 8
DEBUG:root:This is test_dataset_size: 2
DEBUG:root:Completed train test split
DEBUG:root:X_train.shape: (8, 32, 32, 3)
DEBUG:root:X_test.shape: (2, 32, 32, 3)
DEBUG:root:y_train.shape: (8,)
DEBUG:root:y_test.shape: (2,)
DEBUG:root:This is data_dict: [{'image_id': 11, 'label': 4, 'image': <PIL.PngImagePlugin.PngImageFile image mode=RGB size=64x64 at 0x24030971CC0>}, {'image_id': 12, 'label': 1, 'image': <PIL.PngImagePlugin.PngImageFile image mode=RGB size=64x64 at 0x24030971C60>}, {'image_id': 13, 'label': 1, 'image': <PIL.PngImagePlugin.PngImageFile image mode=RGB size=64x64 at 0x240309704C0>}, {'image_id': 14, 'label': 2, 'image': <PIL.PngImagePlugin.PngImageFile image mode=RGB size=64x64 at 0x24030970340>}, {'image_id': 15, 'label': 3, 'image': <PIL.PngImagePlugin.PngImageFile image mode=RGB size=64x64 at 0x24030970070>}, {'image_id': 16, 'label': 4, 'image': <PIL.PngImagePlugin.PngImageFile image mode=RGB size=64x64 at 0x24030951990>}, {'image_id': 17, 'label': 2, 'image': <PIL.PngImagePlugin.PngImageFile image mode=RGB size=64x64 at 0x24030953A60>}, {'image_id': 18, 'label': 3, 'image': <PIL.PngImagePlugin.PngImageFile image mode=RGB size=64x64 at 0x24030951E10>}, {'image_id': 19, 'label': 2, 'image': <PIL.PngImagePlugin.PngImageFile image mode=RGB size=64x64 at 0x240309508B0>}, {'image_id': 20, 'label': 4, 'image': <PIL.PngImagePlugin.PngImageFile image mode=RGB size=64x64 at 0x24030953FD0>}]
DEBUG:root:This is dataset: <_ShuffleDataset element_spec=(TensorSpec(shape=(32, 32, 3), dtype=tf.float32, name=None), TensorSpec(shape=(), dtype=tf.int64, name=None))>
WARNING:absl:Compiled the loaded model, but the compiled metrics have yet to be built. `model.compile_metrics` will be empty until you train or evaluate the model.
WARNING:absl:Error in loading the saved optimizer state. As a result, your model is starting with a freshly initialized optimizer.
WARNING:absl:You are saving your model as an HDF5 file via `model.save()` or `keras.saving.save_model(model)`. This file format is considered legacy. We recommend using instead the native Keras format, e.g. `model.save('my_model.keras')` or `keras.saving.save_model(model, 'my_model.keras')`. 
INFO:werkzeug:127.0.0.1 - - [18/Mar/2024 12:44:35] "POST /train?user_id=khang&data_id=cifar10v2 HTTP/1.1" 200 -
DEBUG:PIL.PngImagePlugin:STREAM b'IHDR' 16 13
DEBUG:PIL.PngImagePlugin:STREAM b'IDAT' 41 6099
DEBUG:PIL.PngImagePlugin:STREAM b'IHDR' 16 13
DEBUG:PIL.PngImagePlugin:STREAM b'IDAT' 41 6412
DEBUG:PIL.PngImagePlugin:STREAM b'IHDR' 16 13
DEBUG:PIL.PngImagePlugin:STREAM b'IDAT' 41 6897
DEBUG:PIL.PngImagePlugin:STREAM b'IHDR' 16 13
DEBUG:PIL.PngImagePlugin:STREAM b'IDAT' 41 7026
DEBUG:PIL.PngImagePlugin:STREAM b'IHDR' 16 13
DEBUG:PIL.PngImagePlugin:STREAM b'IDAT' 41 5516
DEBUG:PIL.PngImagePlugin:STREAM b'IHDR' 16 13
DEBUG:PIL.PngImagePlugin:STREAM b'IDAT' 41 5092
DEBUG:PIL.PngImagePlugin:STREAM b'IHDR' 16 13
DEBUG:PIL.PngImagePlugin:STREAM b'IDAT' 41 5241
DEBUG:PIL.PngImagePlugin:STREAM b'IHDR' 16 13
DEBUG:PIL.PngImagePlugin:STREAM b'IDAT' 41 5787
DEBUG:PIL.PngImagePlugin:STREAM b'IHDR' 16 13
DEBUG:PIL.PngImagePlugin:STREAM b'IDAT' 41 5688
DEBUG:PIL.PngImagePlugin:STREAM b'IHDR' 16 13
DEBUG:PIL.PngImagePlugin:STREAM b'IDAT' 41 5723
DEBUG:root:this is images.shape:(10, 32, 32, 3)
DEBUG:root:This is dataset size: 10
DEBUG:root:Completed preprocessing
DEBUG:root:train_size: 8
DEBUG:root:test_size: 2
DEBUG:root:This is train_dataset_size: 8
DEBUG:root:This is test_dataset_size: 2
DEBUG:root:Completed train test split
DEBUG:root:X_train.shape: (8, 32, 32, 3)
DEBUG:root:X_test.shape: (2, 32, 32, 3)
DEBUG:root:y_train.shape: (8,)
DEBUG:root:y_test.shape: (2,)
DEBUG:root:This is data_dict: [{'image_id': 21, 'label': 4, 'image': <PIL.PngImagePlugin.PngImageFile image mode=RGB size=64x64 at 0x24035B85BD0>}, {'image_id': 22, 'label': 1, 'image': <PIL.PngImagePlugin.PngImageFile image mode=RGB size=64x64 at 0x24035B87AC0>}, {'image_id': 23, 'label': 1, 'image': <PIL.PngImagePlugin.PngImageFile image mode=RGB size=64x64 at 0x24035B87940>}, {'image_id': 24, 'label': 2, 'image': <PIL.PngImagePlugin.PngImageFile image mode=RGB size=64x64 at 0x24035B878B0>}, {'image_id': 25, 'label': 3, 'image': <PIL.PngImagePlugin.PngImageFile image mode=RGB size=64x64 at 0x24035B87640>}, {'image_id': 26, 'label': 4, 'image': <PIL.PngImagePlugin.PngImageFile image mode=RGB size=64x64 at 0x24035B875E0>}, {'image_id': 27, 'label': 2, 'image': <PIL.PngImagePlugin.PngImageFile image mode=RGB size=64x64 at 0x24035B85E10>}, {'image_id': 28, 'label': 3, 'image': <PIL.PngImagePlugin.PngImageFile image mode=RGB size=64x64 at 0x24035B85C00>}, {'image_id': 29, 'label': 2, 'image': <PIL.PngImagePlugin.PngImageFile image mode=RGB size=64x64 at 0x24035B85990>}, {'image_id': 30, 'label': 4, 'image': <PIL.PngImagePlugin.PngImageFile image mode=RGB size=64x64 at 0x24035B6A170>}]
DEBUG:root:This is dataset: <_ShuffleDataset element_spec=(TensorSpec(shape=(32, 32, 3), dtype=tf.float32, name=None), TensorSpec(shape=(), dtype=tf.int64, name=None))>
WARNING:absl:Compiled the loaded model, but the compiled metrics have yet to be built. `model.compile_metrics` will be empty until you train or evaluate the model.
WARNING:absl:Error in loading the saved optimizer state. As a result, your model is starting with a freshly initialized optimizer.
WARNING:absl:You are saving your model as an HDF5 file via `model.save()` or `keras.saving.save_model(model)`. This file format is considered legacy. We recommend using instead the native Keras format, e.g. `model.save('my_model.keras')` or `keras.saving.save_model(model, 'my_model.keras')`. 
INFO:werkzeug:127.0.0.1 - - [18/Mar/2024 12:44:37] "POST /train?user_id=khangle&data_id=cifar10v3 HTTP/1.1" 200 -
DEBUG:PIL.PngImagePlugin:STREAM b'IHDR' 16 13
DEBUG:PIL.PngImagePlugin:STREAM b'IDAT' 41 6099
DEBUG:PIL.PngImagePlugin:STREAM b'IHDR' 16 13
DEBUG:PIL.PngImagePlugin:STREAM b'IDAT' 41 6412
DEBUG:PIL.PngImagePlugin:STREAM b'IHDR' 16 13
DEBUG:PIL.PngImagePlugin:STREAM b'IDAT' 41 6897
DEBUG:PIL.PngImagePlugin:STREAM b'IHDR' 16 13
DEBUG:PIL.PngImagePlugin:STREAM b'IDAT' 41 7026
DEBUG:PIL.PngImagePlugin:STREAM b'IHDR' 16 13
DEBUG:PIL.PngImagePlugin:STREAM b'IDAT' 41 5516
DEBUG:PIL.PngImagePlugin:STREAM b'IHDR' 16 13
DEBUG:PIL.PngImagePlugin:STREAM b'IDAT' 41 5092
DEBUG:PIL.PngImagePlugin:STREAM b'IHDR' 16 13
DEBUG:PIL.PngImagePlugin:STREAM b'IDAT' 41 5241
DEBUG:PIL.PngImagePlugin:STREAM b'IHDR' 16 13
DEBUG:PIL.PngImagePlugin:STREAM b'IDAT' 41 5787
DEBUG:PIL.PngImagePlugin:STREAM b'IHDR' 16 13
DEBUG:PIL.PngImagePlugin:STREAM b'IDAT' 41 5688
DEBUG:PIL.PngImagePlugin:STREAM b'IHDR' 16 13
DEBUG:PIL.PngImagePlugin:STREAM b'IDAT' 41 5723
DEBUG:root:this is images.shape:(10, 32, 32, 3)
DEBUG:root:This is dataset size: 10
DEBUG:root:Completed preprocessing
DEBUG:root:Completed loading data
DEBUG:root:This is X.shape: (10, 32, 32, 3)
DEBUG:root:This is y.shape: (10,)
DEBUG:root:This is data_dict: [{'image_id': 1, 'label': 4, 'image': <PIL.PngImagePlugin.PngImageFile image mode=RGB size=64x64 at 0x2403835E260>}, {'image_id': 2, 'label': 1, 'image': <PIL.PngImagePlugin.PngImageFile image mode=RGB size=64x64 at 0x2403835E050>}, {'image_id': 3, 'label': 1, 'image': <PIL.PngImagePlugin.PngImageFile image mode=RGB size=64x64 at 0x2403835E230>}, {'image_id': 4, 'label': 2, 'image': <PIL.PngImagePlugin.PngImageFile image mode=RGB size=64x64 at 0x2403835DDE0>}, {'image_id': 5, 'label': 3, 'image': <PIL.PngImagePlugin.PngImageFile image mode=RGB size=64x64 at 0x2403835DD80>}, {'image_id': 6, 'label': 4, 'image': <PIL.PngImagePlugin.PngImageFile image mode=RGB size=64x64 at 0x2403835C730>}, {'image_id': 7, 'label': 2, 'image': <PIL.PngImagePlugin.PngImageFile image mode=RGB size=64x64 at 0x2403835C520>}, {'image_id': 8, 'label': 3, 'image': <PIL.PngImagePlugin.PngImageFile image mode=RGB size=64x64 at 0x2403835C2B0>}, {'image_id': 9, 'label': 2, 'image': <PIL.PngImagePlugin.PngImageFile image mode=RGB size=64x64 at 0x2403833A020>}, {'image_id': 10, 'label': 4, 'image': <PIL.PngImagePlugin.PngImageFile image mode=RGB size=64x64 at 0x2403833A1A0>}]
DEBUG:root:This is dataset: <_ShuffleDataset element_spec=(TensorSpec(shape=(32, 32, 3), dtype=tf.float32, name=None), TensorSpec(shape=(), dtype=tf.int64, name=None))>
WARNING:absl:Compiled the loaded model, but the compiled metrics have yet to be built. `model.compile_metrics` will be empty until you train or evaluate the model.
WARNING:absl:Error in loading the saved optimizer state. As a result, your model is starting with a freshly initialized optimizer.
DEBUG:root:Completed inferencing
INFO:werkzeug:127.0.0.1 - - [18/Mar/2024 12:44:38] "POST /inference?user_id=khangxlei&data_id=cifar10 HTTP/1.1" 200 -
DEBUG:PIL.PngImagePlugin:STREAM b'IHDR' 16 13
DEBUG:PIL.PngImagePlugin:STREAM b'IDAT' 41 6099
DEBUG:PIL.PngImagePlugin:STREAM b'IHDR' 16 13
DEBUG:PIL.PngImagePlugin:STREAM b'IDAT' 41 6412
DEBUG:PIL.PngImagePlugin:STREAM b'IHDR' 16 13
DEBUG:PIL.PngImagePlugin:STREAM b'IDAT' 41 6897
DEBUG:PIL.PngImagePlugin:STREAM b'IHDR' 16 13
DEBUG:PIL.PngImagePlugin:STREAM b'IDAT' 41 7026
DEBUG:PIL.PngImagePlugin:STREAM b'IHDR' 16 13
DEBUG:PIL.PngImagePlugin:STREAM b'IDAT' 41 5516
DEBUG:PIL.PngImagePlugin:STREAM b'IHDR' 16 13
DEBUG:PIL.PngImagePlugin:STREAM b'IDAT' 41 5092
DEBUG:PIL.PngImagePlugin:STREAM b'IHDR' 16 13
DEBUG:PIL.PngImagePlugin:STREAM b'IDAT' 41 5241
DEBUG:PIL.PngImagePlugin:STREAM b'IHDR' 16 13
DEBUG:PIL.PngImagePlugin:STREAM b'IDAT' 41 5787
DEBUG:PIL.PngImagePlugin:STREAM b'IHDR' 16 13
DEBUG:PIL.PngImagePlugin:STREAM b'IDAT' 41 5688
DEBUG:PIL.PngImagePlugin:STREAM b'IHDR' 16 13
DEBUG:PIL.PngImagePlugin:STREAM b'IDAT' 41 5723
DEBUG:root:this is images.shape:(10, 32, 32, 3)
DEBUG:root:This is dataset size: 10
DEBUG:root:Completed preprocessing
DEBUG:root:Completed loading data
DEBUG:root:This is X.shape: (10, 32, 32, 3)
DEBUG:root:This is y.shape: (10,)
DEBUG:root:This is data_dict: [{'image_id': 11, 'label': 4, 'image': <PIL.PngImagePlugin.PngImageFile image mode=RGB size=64x64 at 0x2403A075360>}, {'image_id': 12, 'label': 1, 'image': <PIL.PngImagePlugin.PngImageFile image mode=RGB size=64x64 at 0x2403A075300>}, {'image_id': 13, 'label': 1, 'image': <PIL.PngImagePlugin.PngImageFile image mode=RGB size=64x64 at 0x2403A075330>}, {'image_id': 14, 'label': 2, 'image': <PIL.PngImagePlugin.PngImageFile image mode=RGB size=64x64 at 0x2403A0768F0>}, {'image_id': 15, 'label': 3, 'image': <PIL.PngImagePlugin.PngImageFile image mode=RGB size=64x64 at 0x2403A075660>}, {'image_id': 16, 'label': 4, 'image': <PIL.PngImagePlugin.PngImageFile image mode=RGB size=64x64 at 0x2403A076CE0>}, {'image_id': 17, 'label': 2, 'image': <PIL.PngImagePlugin.PngImageFile image mode=RGB size=64x64 at 0x2403A076B30>}, {'image_id': 18, 'label': 3, 'image': <PIL.PngImagePlugin.PngImageFile image mode=RGB size=64x64 at 0x2403A05B850>}, {'image_id': 19, 'label': 2, 'image': <PIL.PngImagePlugin.PngImageFile image mode=RGB size=64x64 at 0x2403A05B7C0>}, {'image_id': 20, 'label': 4, 'image': <PIL.PngImagePlugin.PngImageFile image mode=RGB size=64x64 at 0x2403A05B8B0>}]
DEBUG:root:This is dataset: <_ShuffleDataset element_spec=(TensorSpec(shape=(32, 32, 3), dtype=tf.float32, name=None), TensorSpec(shape=(), dtype=tf.int64, name=None))>
WARNING:absl:Compiled the loaded model, but the compiled metrics have yet to be built. `model.compile_metrics` will be empty until you train or evaluate the model.
WARNING:absl:Error in loading the saved optimizer state. As a result, your model is starting with a freshly initialized optimizer.
DEBUG:root:Completed inferencing
INFO:werkzeug:127.0.0.1 - - [18/Mar/2024 12:44:38] "POST /inference?user_id=khang&data_id=cifar10v2 HTTP/1.1" 200 -
DEBUG:PIL.PngImagePlugin:STREAM b'IHDR' 16 13
DEBUG:PIL.PngImagePlugin:STREAM b'IDAT' 41 6099
DEBUG:PIL.PngImagePlugin:STREAM b'IHDR' 16 13
DEBUG:PIL.PngImagePlugin:STREAM b'IDAT' 41 6412
DEBUG:PIL.PngImagePlugin:STREAM b'IHDR' 16 13
DEBUG:PIL.PngImagePlugin:STREAM b'IDAT' 41 6897
DEBUG:PIL.PngImagePlugin:STREAM b'IHDR' 16 13
DEBUG:PIL.PngImagePlugin:STREAM b'IDAT' 41 7026
DEBUG:PIL.PngImagePlugin:STREAM b'IHDR' 16 13
DEBUG:PIL.PngImagePlugin:STREAM b'IDAT' 41 5516
DEBUG:PIL.PngImagePlugin:STREAM b'IHDR' 16 13
DEBUG:PIL.PngImagePlugin:STREAM b'IDAT' 41 5092
DEBUG:PIL.PngImagePlugin:STREAM b'IHDR' 16 13
DEBUG:PIL.PngImagePlugin:STREAM b'IDAT' 41 5241
DEBUG:PIL.PngImagePlugin:STREAM b'IHDR' 16 13
DEBUG:PIL.PngImagePlugin:STREAM b'IDAT' 41 5787
DEBUG:PIL.PngImagePlugin:STREAM b'IHDR' 16 13
DEBUG:PIL.PngImagePlugin:STREAM b'IDAT' 41 5688
DEBUG:PIL.PngImagePlugin:STREAM b'IHDR' 16 13
DEBUG:PIL.PngImagePlugin:STREAM b'IDAT' 41 5723
DEBUG:root:this is images.shape:(10, 32, 32, 3)
DEBUG:root:This is dataset size: 10
DEBUG:root:Completed preprocessing
DEBUG:root:Completed loading data
DEBUG:root:This is X.shape: (10, 32, 32, 3)
DEBUG:root:This is y.shape: (10,)
DEBUG:root:This is data_dict: [{'image_id': 21, 'label': 4, 'image': <PIL.PngImagePlugin.PngImageFile image mode=RGB size=64x64 at 0x2403A1924D0>}, {'image_id': 22, 'label': 1, 'image': <PIL.PngImagePlugin.PngImageFile image mode=RGB size=64x64 at 0x2403A193400>}, {'image_id': 23, 'label': 1, 'image': <PIL.PngImagePlugin.PngImageFile image mode=RGB size=64x64 at 0x2403A192E60>}, {'image_id': 24, 'label': 2, 'image': <PIL.PngImagePlugin.PngImageFile image mode=RGB size=64x64 at 0x2403A193EB0>}, {'image_id': 25, 'label': 3, 'image': <PIL.PngImagePlugin.PngImageFile image mode=RGB size=64x64 at 0x2403A191F30>}, {'image_id': 26, 'label': 4, 'image': <PIL.PngImagePlugin.PngImageFile image mode=RGB size=64x64 at 0x2403A1920E0>}, {'image_id': 27, 'label': 2, 'image': <PIL.PngImagePlugin.PngImageFile image mode=RGB size=64x64 at 0x2403A193F70>}, {'image_id': 28, 'label': 3, 'image': <PIL.PngImagePlugin.PngImageFile image mode=RGB size=64x64 at 0x2403A193D30>}, {'image_id': 29, 'label': 2, 'image': <PIL.PngImagePlugin.PngImageFile image mode=RGB size=64x64 at 0x2403A1919F0>}, {'image_id': 30, 'label': 4, 'image': <PIL.PngImagePlugin.PngImageFile image mode=RGB size=64x64 at 0x2403A191F90>}]
DEBUG:root:This is dataset: <_ShuffleDataset element_spec=(TensorSpec(shape=(32, 32, 3), dtype=tf.float32, name=None), TensorSpec(shape=(), dtype=tf.int64, name=None))>
WARNING:absl:Compiled the loaded model, but the compiled metrics have yet to be built. `model.compile_metrics` will be empty until you train or evaluate the model.
WARNING:absl:Error in loading the saved optimizer state. As a result, your model is starting with a freshly initialized optimizer.
DEBUG:root:Completed inferencing
INFO:werkzeug:127.0.0.1 - - [18/Mar/2024 12:44:39] "POST /inference?user_id=khangle&data_id=cifar10v3 HTTP/1.1" 200 -
