\DEBUG:PIL.PngImagePlugin:STREAM b'IHDR' 16 13
DEBUG:PIL.PngImagePlugin:STREAM b'IDAT' 41 6099
DEBUG:PIL.PngImagePlugin:STREAM b'IHDR' 16 13
DEBUG:PIL.PngImagePlugin:STREAM b'IDAT' 41 6412
DEBUG:PIL.PngImagePlugin:STREAM b'IHDR' 16 13
DEBUG:PIL.PngImagePlugin:STREAM b'IDAT' 41 6897
DEBUG:PIL.PngImagePlugin:STREAM b'IHDR' 16 13
DEBUG:PIL.PngImagePlugin:STREAM b'IDAT' 41 7026
DEBUG:PIL.PngImagePlugin:STREAM b'IHDR' 16 13
DEBUG:PIL.PngImagePlugin:STREAM b'IDAT' 41 5516
DEBUG:PIL.PngImagePlugin:STREAM b'IHDR' 16 13
DEBUG:PIL.PngImagePlugin:STREAM b'IDAT' 41 5092
DEBUG:PIL.PngImagePlugin:STREAM b'IHDR' 16 13
DEBUG:PIL.PngImagePlugin:STREAM b'IDAT' 41 5241
DEBUG:PIL.PngImagePlugin:STREAM b'IHDR' 16 13
DEBUG:PIL.PngImagePlugin:STREAM b'IDAT' 41 5787
DEBUG:PIL.PngImagePlugin:STREAM b'IHDR' 16 13
DEBUG:PIL.PngImagePlugin:STREAM b'IDAT' 41 5688
DEBUG:PIL.PngImagePlugin:STREAM b'IHDR' 16 13
DEBUG:PIL.PngImagePlugin:STREAM b'IDAT' 41 5723
DEBUG:PIL.PngImagePlugin:STREAM b'IHDR' 16 13
DEBUG:PIL.PngImagePlugin:STREAM b'IDAT' 41 6099
DEBUG:PIL.PngImagePlugin:STREAM b'IHDR' 16 13
DEBUG:PIL.PngImagePlugin:STREAM b'IDAT' 41 6412
DEBUG:PIL.PngImagePlugin:STREAM b'IHDR' 16 13
DEBUG:PIL.PngImagePlugin:STREAM b'IDAT' 41 6897
DEBUG:PIL.PngImagePlugin:STREAM b'IHDR' 16 13
DEBUG:PIL.PngImagePlugin:STREAM b'IDAT' 41 7026
DEBUG:PIL.PngImagePlugin:STREAM b'IHDR' 16 13
DEBUG:PIL.PngImagePlugin:STREAM b'IDAT' 41 5516
DEBUG:PIL.PngImagePlugin:STREAM b'IHDR' 16 13
DEBUG:PIL.PngImagePlugin:STREAM b'IDAT' 41 5092
DEBUG:PIL.PngImagePlugin:STREAM b'IHDR' 16 13
DEBUG:PIL.PngImagePlugin:STREAM b'IDAT' 41 5241
DEBUG:PIL.PngImagePlugin:STREAM b'IHDR' 16 13
DEBUG:PIL.PngImagePlugin:STREAM b'IDAT' 41 5787
DEBUG:PIL.PngImagePlugin:STREAM b'IHDR' 16 13
DEBUG:PIL.PngImagePlugin:STREAM b'IDAT' 41 5688
DEBUG:PIL.PngImagePlugin:STREAM b'IHDR' 16 13
DEBUG:PIL.PngImagePlugin:STREAM b'IDAT' 41 5723
DEBUG:PIL.PngImagePlugin:STREAM b'IHDR' 16 13
DEBUG:PIL.PngImagePlugin:STREAM b'IDAT' 41 6099
DEBUG:PIL.PngImagePlugin:STREAM b'IHDR' 16 13
DEBUG:PIL.PngImagePlugin:STREAM b'IDAT' 41 6412
DEBUG:PIL.PngImagePlugin:STREAM b'IHDR' 16 13
DEBUG:PIL.PngImagePlugin:STREAM b'IDAT' 41 6897
DEBUG:PIL.PngImagePlugin:STREAM b'IHDR' 16 13
DEBUG:PIL.PngImagePlugin:STREAM b'IDAT' 41 7026
DEBUG:PIL.PngImagePlugin:STREAM b'IHDR' 16 13
DEBUG:PIL.PngImagePlugin:STREAM b'IDAT' 41 5516
DEBUG:PIL.PngImagePlugin:STREAM b'IHDR' 16 13
DEBUG:PIL.PngImagePlugin:STREAM b'IDAT' 41 5092
DEBUG:PIL.PngImagePlugin:STREAM b'IHDR' 16 13
DEBUG:PIL.PngImagePlugin:STREAM b'IDAT' 41 5241
DEBUG:PIL.PngImagePlugin:STREAM b'IHDR' 16 13
DEBUG:PIL.PngImagePlugin:STREAM b'IDAT' 41 5787
DEBUG:PIL.PngImagePlugin:STREAM b'IHDR' 16 13
DEBUG:PIL.PngImagePlugin:STREAM b'IDAT' 41 5688
DEBUG:PIL.PngImagePlugin:STREAM b'IHDR' 16 13
DEBUG:PIL.PngImagePlugin:STREAM b'IDAT' 41 5723
DEBUG:root:this is images.shape:(30, 32, 32, 3)
DEBUG:root:this is integer_encoded:[3 0 0 1 2 3 1 2 1 3 3 0 0 1 2 3 1 2 1 3 3 0 0 1 2 3 1 2 1 3]
DEBUG:root:this is integer_encoded.shape:(30,)
DEBUG:root:Completed preprocessing
DEBUG:root:train_dataset:<_TakeDataset element_spec=(TensorSpec(shape=(32, 32, 3), dtype=tf.float32, name=None), TensorSpec(shape=(), dtype=tf.int64, name=None))>
DEBUG:root:test_dataset:<_SkipDataset element_spec=(TensorSpec(shape=(32, 32, 3), dtype=tf.float32, name=None), TensorSpec(shape=(), dtype=tf.int64, name=None))>
DEBUG:root:Completed train test split
DEBUG:root:X_train.shape: (23, 32, 32, 3)
DEBUG:root:X_test.shape: (5, 32, 32, 3)
DEBUG:root:y_train.shape: (23,)
DEBUG:root:y_test.shape: (5,)
DEBUG:root:This is data_dict: [{'image_id': 1, 'label': 4, 'image': <PIL.PngImagePlugin.PngImageFile image mode=RGB size=64x64 at 0x204B64F5B70>}, {'image_id': 2, 'label': 1, 'image': <PIL.PngImagePlugin.PngImageFile image mode=RGB size=64x64 at 0x204B64F5900>}, {'image_id': 3, 'label': 1, 'image': <PIL.PngImagePlugin.PngImageFile image mode=RGB size=64x64 at 0x204B64F5930>}, {'image_id': 4, 'label': 2, 'image': <PIL.PngImagePlugin.PngImageFile image mode=RGB size=64x64 at 0x204B64DF6D0>}, {'image_id': 5, 'label': 3, 'image': <PIL.PngImagePlugin.PngImageFile image mode=RGB size=64x64 at 0x204B64DEFE0>}, {'image_id': 6, 'label': 4, 'image': <PIL.PngImagePlugin.PngImageFile image mode=RGB size=64x64 at 0x204B64DF5E0>}, {'image_id': 7, 'label': 2, 'image': <PIL.PngImagePlugin.PngImageFile image mode=RGB size=64x64 at 0x204B64DC430>}, {'image_id': 8, 'label': 3, 'image': <PIL.PngImagePlugin.PngImageFile image mode=RGB size=64x64 at 0x204B64DF4F0>}, {'image_id': 9, 'label': 2, 'image': <PIL.PngImagePlugin.PngImageFile image mode=RGB size=64x64 at 0x204B64DC400>}, {'image_id': 10, 'label': 4, 'image': <PIL.PngImagePlugin.PngImageFile image mode=RGB size=64x64 at 0x204B64DFF40>}, {'image_id': 1, 'label': 4, 'image': <PIL.PngImagePlugin.PngImageFile image mode=RGB size=64x64 at 0x204B64DFE20>}, {'image_id': 2, 'label': 1, 'image': <PIL.PngImagePlugin.PngImageFile image mode=RGB size=64x64 at 0x204B64DFC40>}, {'image_id': 3, 'label': 1, 'image': <PIL.PngImagePlugin.PngImageFile image mode=RGB size=64x64 at 0x204B64DFBE0>}, {'image_id': 4, 'label': 2, 'image': <PIL.PngImagePlugin.PngImageFile image mode=RGB size=64x64 at 0x204B64DE1D0>}, {'image_id': 5, 'label': 3, 'image': <PIL.PngImagePlugin.PngImageFile image mode=RGB size=64x64 at 0x204B64DE320>}, {'image_id': 6, 'label': 4, 'image': <PIL.PngImagePlugin.PngImageFile image mode=RGB size=64x64 at 0x204B64DDF00>}, {'image_id': 7, 'label': 2, 'image': <PIL.PngImagePlugin.PngImageFile image mode=RGB size=64x64 at 0x204B64DDEA0>}, {'image_id': 8, 'label': 3, 'image': <PIL.PngImagePlugin.PngImageFile image mode=RGB size=64x64 at 0x204B64DC520>}, {'image_id': 9, 'label': 2, 'image': <PIL.PngImagePlugin.PngImageFile image mode=RGB size=64x64 at 0x204B64DC670>}, {'image_id': 10, 'label': 4, 'image': <PIL.PngImagePlugin.PngImageFile image mode=RGB size=64x64 at 0x204B64DC1F0>}, {'image_id': 1, 'label': 4, 'image': <PIL.PngImagePlugin.PngImageFile image mode=RGB size=64x64 at 0x204B64BFD00>}, {'image_id': 2, 'label': 1, 'image': <PIL.PngImagePlugin.PngImageFile image mode=RGB size=64x64 at 0x204B64BDBA0>}, {'image_id': 3, 'label': 1, 'image': <PIL.PngImagePlugin.PngImageFile image mode=RGB size=64x64 at 0x204B64BE680>}, {'image_id': 4, 'label': 2, 'image': <PIL.PngImagePlugin.PngImageFile image mode=RGB size=64x64 at 0x204B64BDF90>}, {'image_id': 5, 'label': 3, 'image': <PIL.PngImagePlugin.PngImageFile image mode=RGB size=64x64 at 0x204B64BC760>}, {'image_id': 6, 'label': 4, 'image': <PIL.PngImagePlugin.PngImageFile image mode=RGB size=64x64 at 0x204B64BFCD0>}, {'image_id': 7, 'label': 2, 'image': <PIL.PngImagePlugin.PngImageFile image mode=RGB size=64x64 at 0x204B64BE6E0>}, {'image_id': 8, 'label': 3, 'image': <PIL.PngImagePlugin.PngImageFile image mode=RGB size=64x64 at 0x204B64BE830>}, {'image_id': 9, 'label': 2, 'image': <PIL.PngImagePlugin.PngImageFile image mode=RGB size=64x64 at 0x204B64BE410>}, {'image_id': 10, 'label': 4, 'image': <PIL.PngImagePlugin.PngImageFile image mode=RGB size=64x64 at 0x204B64BE3B0>}]
DEBUG:root:This is dataset: <_ShuffleDataset element_spec=(TensorSpec(shape=(32, 32, 3), dtype=tf.float32, name=None), TensorSpec(shape=(), dtype=tf.int64, name=None))>
WARNING:absl:Compiled the loaded model, but the compiled metrics have yet to be built. `model.compile_metrics` will be empty until you train or evaluate the model.
WARNING:absl:Error in loading the saved optimizer state. As a result, your model is starting with a freshly initialized optimizer.
WARNING:absl:You are saving your model as an HDF5 file via `model.save()` or `keras.saving.save_model(model)`. This file format is considered legacy. We recommend using instead the native Keras format, e.g. `model.save('my_model.keras')` or `keras.saving.save_model(model, 'my_model.keras')`. 
INFO:werkzeug:127.0.0.1 - - [13/Mar/2024 23:02:03] "POST /train?user_id=khangxlei&data_id=cifar10 HTTP/1.1" 200 -
INFO:werkzeug: * Detected change in 'C:\\Users\\khang\\OneDrive\\Desktop\\SCHOOL\\SPRING_senior_2024\\EC530\\project_2\\modules\\database.py', reloading
DEBUG:PIL.PngImagePlugin:STREAM b'IHDR' 16 13
DEBUG:PIL.PngImagePlugin:STREAM b'IDAT' 41 6099
DEBUG:PIL.PngImagePlugin:STREAM b'IHDR' 16 13
DEBUG:PIL.PngImagePlugin:STREAM b'IDAT' 41 6412
DEBUG:PIL.PngImagePlugin:STREAM b'IHDR' 16 13
DEBUG:PIL.PngImagePlugin:STREAM b'IDAT' 41 6897
DEBUG:PIL.PngImagePlugin:STREAM b'IHDR' 16 13
DEBUG:PIL.PngImagePlugin:STREAM b'IDAT' 41 7026
DEBUG:PIL.PngImagePlugin:STREAM b'IHDR' 16 13
DEBUG:PIL.PngImagePlugin:STREAM b'IDAT' 41 5516
DEBUG:PIL.PngImagePlugin:STREAM b'IHDR' 16 13
DEBUG:PIL.PngImagePlugin:STREAM b'IDAT' 41 5092
DEBUG:PIL.PngImagePlugin:STREAM b'IHDR' 16 13
DEBUG:PIL.PngImagePlugin:STREAM b'IDAT' 41 5241
DEBUG:PIL.PngImagePlugin:STREAM b'IHDR' 16 13
DEBUG:PIL.PngImagePlugin:STREAM b'IDAT' 41 5787
DEBUG:PIL.PngImagePlugin:STREAM b'IHDR' 16 13
DEBUG:PIL.PngImagePlugin:STREAM b'IDAT' 41 5688
DEBUG:PIL.PngImagePlugin:STREAM b'IHDR' 16 13
DEBUG:PIL.PngImagePlugin:STREAM b'IDAT' 41 5723
DEBUG:PIL.PngImagePlugin:STREAM b'IHDR' 16 13
DEBUG:PIL.PngImagePlugin:STREAM b'IDAT' 41 6099
DEBUG:PIL.PngImagePlugin:STREAM b'IHDR' 16 13
DEBUG:PIL.PngImagePlugin:STREAM b'IDAT' 41 6412
DEBUG:PIL.PngImagePlugin:STREAM b'IHDR' 16 13
DEBUG:PIL.PngImagePlugin:STREAM b'IDAT' 41 6897
DEBUG:PIL.PngImagePlugin:STREAM b'IHDR' 16 13
DEBUG:PIL.PngImagePlugin:STREAM b'IDAT' 41 7026
DEBUG:PIL.PngImagePlugin:STREAM b'IHDR' 16 13
DEBUG:PIL.PngImagePlugin:STREAM b'IDAT' 41 5516
DEBUG:PIL.PngImagePlugin:STREAM b'IHDR' 16 13
DEBUG:PIL.PngImagePlugin:STREAM b'IDAT' 41 5092
DEBUG:PIL.PngImagePlugin:STREAM b'IHDR' 16 13
DEBUG:PIL.PngImagePlugin:STREAM b'IDAT' 41 5241
DEBUG:PIL.PngImagePlugin:STREAM b'IHDR' 16 13
DEBUG:PIL.PngImagePlugin:STREAM b'IDAT' 41 5787
DEBUG:PIL.PngImagePlugin:STREAM b'IHDR' 16 13
DEBUG:PIL.PngImagePlugin:STREAM b'IDAT' 41 5688
DEBUG:PIL.PngImagePlugin:STREAM b'IHDR' 16 13
DEBUG:PIL.PngImagePlugin:STREAM b'IDAT' 41 5723
DEBUG:root:this is images.shape:(20, 32, 32, 3)
DEBUG:root:this is integer_encoded:[3 0 0 1 2 3 1 2 1 3 3 0 0 1 2 3 1 2 1 3]
DEBUG:root:this is integer_encoded.shape:(20,)
DEBUG:root:Completed preprocessing
DEBUG:root:train_dataset:<_TakeDataset element_spec=(TensorSpec(shape=(32, 32, 3), dtype=tf.float32, name=None), TensorSpec(shape=(), dtype=tf.int64, name=None))>
DEBUG:root:test_dataset:<_SkipDataset element_spec=(TensorSpec(shape=(32, 32, 3), dtype=tf.float32, name=None), TensorSpec(shape=(), dtype=tf.int64, name=None))>
DEBUG:root:Completed train test split
DEBUG:root:X_train.shape: (15, 32, 32, 3)
DEBUG:root:X_test.shape: (3, 32, 32, 3)
DEBUG:root:y_train.shape: (15,)
DEBUG:root:y_test.shape: (3,)
DEBUG:root:This is data_dict: [{'image_id': 1, 'label': 4, 'image': <PIL.PngImagePlugin.PngImageFile image mode=RGB size=64x64 at 0x20F7B3FE830>}, {'image_id': 2, 'label': 1, 'image': <PIL.PngImagePlugin.PngImageFile image mode=RGB size=64x64 at 0x20F7B688F10>}, {'image_id': 3, 'label': 1, 'image': <PIL.PngImagePlugin.PngImageFile image mode=RGB size=64x64 at 0x20F7B689270>}, {'image_id': 4, 'label': 2, 'image': <PIL.PngImagePlugin.PngImageFile image mode=RGB size=64x64 at 0x20F7B6896F0>}, {'image_id': 5, 'label': 3, 'image': <PIL.PngImagePlugin.PngImageFile image mode=RGB size=64x64 at 0x20F7B68A3B0>}, {'image_id': 6, 'label': 4, 'image': <PIL.PngImagePlugin.PngImageFile image mode=RGB size=64x64 at 0x20F7B68A4A0>}, {'image_id': 7, 'label': 2, 'image': <PIL.PngImagePlugin.PngImageFile image mode=RGB size=64x64 at 0x20F7B689E10>}, {'image_id': 8, 'label': 3, 'image': <PIL.PngImagePlugin.PngImageFile image mode=RGB size=64x64 at 0x20F7B68A500>}, {'image_id': 9, 'label': 2, 'image': <PIL.PngImagePlugin.PngImageFile image mode=RGB size=64x64 at 0x20F7B68A560>}, {'image_id': 10, 'label': 4, 'image': <PIL.PngImagePlugin.PngImageFile image mode=RGB size=64x64 at 0x20F7B68A5C0>}, {'image_id': 1, 'label': 4, 'image': <PIL.PngImagePlugin.PngImageFile image mode=RGB size=64x64 at 0x20F7B68A680>}, {'image_id': 2, 'label': 1, 'image': <PIL.PngImagePlugin.PngImageFile image mode=RGB size=64x64 at 0x20F7B68A620>}, {'image_id': 3, 'label': 1, 'image': <PIL.PngImagePlugin.PngImageFile image mode=RGB size=64x64 at 0x20F7B68A6E0>}, {'image_id': 4, 'label': 2, 'image': <PIL.PngImagePlugin.PngImageFile image mode=RGB size=64x64 at 0x20F7B68A740>}, {'image_id': 5, 'label': 3, 'image': <PIL.PngImagePlugin.PngImageFile image mode=RGB size=64x64 at 0x20F7B68A7A0>}, {'image_id': 6, 'label': 4, 'image': <PIL.PngImagePlugin.PngImageFile image mode=RGB size=64x64 at 0x20F7B68A800>}, {'image_id': 7, 'label': 2, 'image': <PIL.PngImagePlugin.PngImageFile image mode=RGB size=64x64 at 0x20F7B68A860>}, {'image_id': 8, 'label': 3, 'image': <PIL.PngImagePlugin.PngImageFile image mode=RGB size=64x64 at 0x20F7B68A8C0>}, {'image_id': 9, 'label': 2, 'image': <PIL.PngImagePlugin.PngImageFile image mode=RGB size=64x64 at 0x20F7B68A920>}, {'image_id': 10, 'label': 4, 'image': <PIL.PngImagePlugin.PngImageFile image mode=RGB size=64x64 at 0x20F7B68A980>}]
DEBUG:root:This is dataset: <_ShuffleDataset element_spec=(TensorSpec(shape=(32, 32, 3), dtype=tf.float32, name=None), TensorSpec(shape=(), dtype=tf.int64, name=None))>
DEBUG:h5py._conv:Creating converter from 3 to 5
WARNING:absl:Compiled the loaded model, but the compiled metrics have yet to be built. `model.compile_metrics` will be empty until you train or evaluate the model.
WARNING:absl:Error in loading the saved optimizer state. As a result, your model is starting with a freshly initialized optimizer.
WARNING:absl:You are saving your model as an HDF5 file via `model.save()` or `keras.saving.save_model(model)`. This file format is considered legacy. We recommend using instead the native Keras format, e.g. `model.save('my_model.keras')` or `keras.saving.save_model(model, 'my_model.keras')`. 
DEBUG:h5py._conv:Creating converter from 5 to 3
INFO:werkzeug:127.0.0.1 - - [13/Mar/2024 23:04:28] "POST /train?user_id=khangxlei&data_id=cifar10 HTTP/1.1" 200 -
INFO:werkzeug: * Detected change in 'C:\\Users\\khang\\OneDrive\\Desktop\\SCHOOL\\SPRING_senior_2024\\EC530\\project_2\\modules\\database.py', reloading
